{"logTime": "1223/115424", "correlationVector":"KnBph2EPRpzNa3xxBYoR12.135","action":"GetUpdates", "result":"DeleteReceived", "context":{"id":"ff876397-8d80-47d7-9fc9-3136bf6c31ca", "isDeleted:":"true", "version":"1701432554807"}}
{"logTime": "1223/115424", "correlationVector":"KnBph2EPRpzNa3xxBYoR12.136","action":"GetUpdates", "result":"DeleteReceived", "context":{"id":"7079e093-fafd-4eb2-b150-2df64c64d1bb", "isDeleted:":"true", "version":"1701432554809"}}
{"logTime": "1223/115424", "correlationVector":"KnBph2EPRpzNa3xxBYoR12.137","action":"GetUpdates", "result":"DeleteReceived", "context":{"id":"d2244e55-2b3d-4b0d-81bc-9e2f991aa70f", "isDeleted:":"true", "version":"1701450827846"}}
{"logTime": "1223/115424", "correlationVector":"KnBph2EPRpzNa3xxBYoR12.138","action":"GetUpdates", "result":"DeleteReceived", "context":{"id":"ecb22189-8924-499c-b82e-4f16cdf53f4e", "isDeleted:":"true", "version":"1701450827847"}}
{"logTime": "1223/115424", "correlationVector":"KnBph2EPRpzNa3xxBYoR12.139","action":"GetUpdates", "result":"DeleteReceived", "context":{"id":"a69de122-1324-452f-b165-58f26185e1d1", "isDeleted:":"true", "version":"1701450827848"}}
{"logTime": "1223/115424", "correlationVector":"KnBph2EPRpzNa3xxBYoR12.140","action":"GetUpdates", "result":"DeleteReceived", "context":{"id":"2e79d7a5-dd8d-464f-9432-25519e89b752", "isDeleted:":"true", "version":"1701450827849"}}
{"logTime": "1223/115424", "correlationVector":"KnBph2EPRpzNa3xxBYoR12.141","action":"GetUpdates", "result":"DeleteReceived", "context":{"id":"a3dc0c70-0cd3-48cc-95c6-16f74203c798", "isDeleted:":"true", "version":"1701450827850"}}
{"logTime": "1223/115424", "correlationVector":"KnBph2EPRpzNa3xxBYoR12.142","action":"GetUpdates", "result":"DeleteReceived", "context":{"id":"e06f1f26-c5d7-4ce7-8fea-da5863e54700", "isDeleted:":"true", "version":"1701450827851"}}
{"logTime": "1223/115424", "correlationVector":"KnBph2EPRpzNa3xxBYoR12.143","action":"GetUpdates", "result":"DeleteReceived", "context":{"id":"aa1af87d-d1b8-4587-b951-61844c65541c", "isDeleted:":"true", "version":"1701450827852"}}
{"logTime": "1223/115424", "correlationVector":"KnBph2EPRpzNa3xxBYoR12.144","action":"GetUpdates", "result":"DeleteReceived", "context":{"id":"d46eccf1-41ea-4ecc-9fe7-1e8fdaef544b", "isDeleted:":"true", "version":"1701450827853"}}
{"logTime": "1223/115424", "correlationVector":"KnBph2EPRpzNa3xxBYoR12.145","action":"GetUpdates", "result":"DeleteReceived", "context":{"id":"959af51e-a828-4ed2-ab1e-bfafa2a221ef", "isDeleted:":"true", "version":"1701450827854"}}
{"logTime": "1223/115424", "correlationVector":"KnBph2EPRpzNa3xxBYoR12.146","action":"GetUpdates", "result":"DeleteReceived", "context":{"id":"3fabefb0-d3bd-4053-93a3-c9bf5668c479", "isDeleted:":"true", "version":"1701450827856"}}
{"logTime": "1223/115424", "correlationVector":"KnBph2EPRpzNa3xxBYoR12.147","action":"GetUpdates", "result":"DeleteReceived", "context":{"id":"d244ffd1-1c5f-44ec-9dca-8b4be95eafc8", "isDeleted:":"true", "version":"1701450827857"}}
{"logTime": "1223/115424", "correlationVector":"KnBph2EPRpzNa3xxBYoR12.148","action":"GetUpdates", "result":"DeleteReceived", "context":{"id":"5cdc8d1f-1ffa-46d9-94b3-95129c5a2af7", "isDeleted:":"true", "version":"1701504661406"}}
{"logTime": "1223/115424", "correlationVector":"KnBph2EPRpzNa3xxBYoR12.149","action":"GetUpdates", "result":"DeleteReceived", "context":{"id":"f4c7f15d-862e-424a-9825-71cdcfbc3b77", "isDeleted:":"true", "version":"1701504661407"}}
{"logTime": "1223/115424", "correlationVector":"KnBph2EPRpzNa3xxBYoR12.150","action":"GetUpdates", "result":"DeleteReceived", "context":{"id":"8cd69190-bc6a-4184-9e73-896f59d5a1d0", "isDeleted:":"true", "version":"1701504661408"}}
{"logTime": "1223/115424", "correlationVector":"KnBph2EPRpzNa3xxBYoR12.151","action":"GetUpdates", "result":"DeleteReceived", "context":{"id":"9fc1bb85-bac8-4dcf-a1b9-5dda92197282", "isDeleted:":"true", "version":"1701504661410"}}
{"logTime": "1223/115424", "correlationVector":"KnBph2EPRpzNa3xxBYoR12.152","action":"GetUpdates", "result":"DeleteReceived", "context":{"id":"55cbf440-ff69-44dd-82d1-d78dc3344b71", "isDeleted:":"true", "version":"1701504661411"}}
{"logTime": "1223/115424", "correlationVector":"KnBph2EPRpzNa3xxBYoR12.153","action":"GetUpdates", "result":"DeleteReceived", "context":{"id":"11e78ae8-3a60-4bdf-9fcb-545c99d4e6f9", "isDeleted:":"true", "version":"1701590605071"}}
{"logTime": "1223/115424", "correlationVector":"KnBph2EPRpzNa3xxBYoR12.154","action":"GetUpdates", "result":"DeleteReceived", "context":{"id":"683cb27f-b67c-41a5-8e4b-504dc5d12175", "isDeleted:":"true", "version":"1701590605072"}}
{"logTime": "1223/115424", "correlationVector":"KnBph2EPRpzNa3xxBYoR12.155","action":"GetUpdates", "result":"DeleteReceived", "context":{"id":"b39bcb85-4feb-4716-95cd-18ba9b4b4244", "isDeleted:":"true", "version":"1701590605074"}}
{"logTime": "1223/115424", "correlationVector":"KnBph2EPRpzNa3xxBYoR12.156","action":"GetUpdates", "result":"DeleteReceived", "context":{"id":"644f3823-5fe3-4d66-9fbb-913c42bf7a21", "isDeleted:":"true", "version":"1701590898181"}}
{"logTime": "1223/115424", "correlationVector":"KnBph2EPRpzNa3xxBYoR12.157","action":"GetUpdates", "result":"DeleteReceived", "context":{"id":"784bc7c5-c31a-4715-b5cb-7dbbeadcde1b", "isDeleted:":"true", "version":"1701594210213"}}
{"logTime": "1223/115424", "correlationVector":"KnBph2EPRpzNa3xxBYoR12.158","action":"GetUpdates", "result":"DeleteReceived", "context":{"id":"fcee58c4-1aec-4ab9-a707-7f0dd85d8dd3", "isDeleted:":"true", "version":"1701602232225"}}
{"logTime": "1223/115424", "correlationVector":"KnBph2EPRpzNa3xxBYoR12.159","action":"GetUpdates", "result":"DeleteReceived", "context":{"id":"74a00ae4-f3b3-4848-a7c3-27caa51afe0b", "isDeleted:":"true", "version":"1701602262721"}}
{"logTime": "1223/115424", "correlationVector":"KnBph2EPRpzNa3xxBYoR12.160","action":"GetUpdates", "result":"DeleteReceived", "context":{"id":"21b2a87c-e0f1-46fc-be9a-868fb0dd14a9", "isDeleted:":"true", "version":"1701602262724"}}
{"logTime": "1223/115424", "correlationVector":"KnBph2EPRpzNa3xxBYoR12.161","action":"GetUpdates", "result":"DeleteReceived", "context":{"id":"23b25c13-3238-43db-82e9-846a083127d4", "isDeleted:":"true", "version":"1701602296938"}}
{"logTime": "1223/115424", "correlationVector":"KnBph2EPRpzNa3xxBYoR12.162","action":"GetUpdates", "result":"DeleteReceived", "context":{"id":"a47708c3-4c89-45ef-a547-3d1c964c8985", "isDeleted:":"true", "version":"1701602296939"}}
{"logTime": "1223/115424", "correlationVector":"KnBph2EPRpzNa3xxBYoR12.163","action":"GetUpdates", "result":"DeleteReceived", "context":{"id":"c161749d-9611-4e0d-9a73-5f5450640153", "isDeleted:":"true", "version":"1701602296940"}}
{"logTime": "1223/115424", "correlationVector":"KnBph2EPRpzNa3xxBYoR12.164","action":"GetUpdates", "result":"DeleteReceived", "context":{"id":"3f125389-9cb0-4ba0-a3b1-bff91af2e8e9", "isDeleted:":"true", "version":"1701634406604"}}
{"logTime": "1223/115424", "correlationVector":"KnBph2EPRpzNa3xxBYoR12.165","action":"GetUpdates", "result":"DeleteReceived", "context":{"id":"53ea7d27-cc4d-47e3-8f1d-31b88ba2d47a", "isDeleted:":"true", "version":"1701635415360"}}
{"logTime": "1223/115424", "correlationVector":"KnBph2EPRpzNa3xxBYoR12.166","action":"GetUpdates", "result":"DeleteReceived", "context":{"id":"5faf3a65-b40e-42ec-b8dc-f8ee53ecafe6", "isDeleted:":"true", "version":"1701681788309"}}
{"logTime": "1223/115424", "correlationVector":"KnBph2EPRpzNa3xxBYoR12.167","action":"GetUpdates", "result":"DeleteReceived", "context":{"id":"0aad8ac2-d1fc-4886-9247-0cd249344558", "isDeleted:":"true", "version":"1701681788310"}}
{"logTime": "1223/115424", "correlationVector":"KnBph2EPRpzNa3xxBYoR12.168","action":"GetUpdates", "result":"DeleteReceived", "context":{"id":"568b50e5-5665-4f8d-ac8a-5cfb9972e733", "isDeleted:":"true", "version":"1701681788311"}}
{"logTime": "1223/115424", "correlationVector":"KnBph2EPRpzNa3xxBYoR12.169","action":"GetUpdates", "result":"DeleteReceived", "context":{"id":"5403654d-0e28-4976-a6ca-6566216d5b73", "isDeleted:":"true", "version":"1701681788312"}}
{"logTime": "1223/115424", "correlationVector":"KnBph2EPRpzNa3xxBYoR12.170","action":"GetUpdates", "result":"DeleteReceived", "context":{"id":"fbbbfc33-456e-481a-a346-02d65faf068c", "isDeleted:":"true", "version":"1701681788313"}}
{"logTime": "1223/115424", "correlationVector":"KnBph2EPRpzNa3xxBYoR12.171","action":"GetUpdates", "result":"DeleteReceived", "context":{"id":"044d2c9b-c2bd-4bc5-a300-8302f6897c26", "isDeleted:":"true", "version":"1701681788314"}}
{"logTime": "1223/115424", "correlationVector":"KnBph2EPRpzNa3xxBYoR12.172","action":"GetUpdates", "result":"DeleteReceived", "context":{"id":"86e256c3-ec62-4305-ab82-113803a6976f", "isDeleted:":"true", "version":"1701681788316"}}
{"logTime": "1223/115424", "correlationVector":"KnBph2EPRpzNa3xxBYoR12.173","action":"GetUpdates", "result":"DeleteReceived", "context":{"id":"85e5969f-5d10-4d89-b7a7-79f12270d3a5", "isDeleted:":"true", "version":"1701681788317"}}
{"logTime": "1223/115424", "correlationVector":"KnBph2EPRpzNa3xxBYoR12.174","action":"GetUpdates", "result":"DeleteReceived", "context":{"id":"22455323-fc0c-4f99-a166-35cd70fab9a3", "isDeleted:":"true", "version":"1701682929341"}}
{"logTime": "1223/115424", "correlationVector":"KnBph2EPRpzNa3xxBYoR12.175","action":"GetUpdates", "result":"DeleteReceived", "context":{"id":"23831118-aa0b-41b6-81ed-84a5c29c05b2", "isDeleted:":"true", "version":"1701682929342"}}
{"logTime": "1223/115424", "correlationVector":"KnBph2EPRpzNa3xxBYoR12.176","action":"GetUpdates", "result":"DeleteReceived", "context":{"id":"c5cde2f3-b746-4966-a2d8-7cc5e43b21e7", "isDeleted:":"true", "version":"1701683095040"}}
{"logTime": "1223/115424", "correlationVector":"KnBph2EPRpzNa3xxBYoR12.177","action":"GetUpdates", "result":"DeleteReceived", "context":{"id":"60a4aaed-e123-43bc-a9e2-cab3b7e317cc", "isDeleted:":"true", "version":"1701684053477"}}
{"logTime": "1223/115424", "correlationVector":"KnBph2EPRpzNa3xxBYoR12.178","action":"GetUpdates", "result":"DeleteReceived", "context":{"id":"d5c90d6e-95f5-489e-ab5e-9fe461536bc2", "isDeleted:":"true", "version":"1701684053478"}}
{"logTime": "1223/115424", "correlationVector":"KnBph2EPRpzNa3xxBYoR12.179","action":"GetUpdates", "result":"DeleteReceived", "context":{"id":"945e2996-4a1b-4d84-879d-c5c043dce91d", "isDeleted:":"true", "version":"1701693554078"}}
{"logTime": "1223/115424", "correlationVector":"KnBph2EPRpzNa3xxBYoR12.180","action":"GetUpdates", "result":"DeleteReceived", "context":{"id":"e3938575-3163-4dff-8a51-09882330064b", "isDeleted:":"true", "version":"1701694101810"}}
{"logTime": "1223/115424", "correlationVector":"KnBph2EPRpzNa3xxBYoR12.181","action":"GetUpdates", "result":"DeleteReceived", "context":{"id":"332fc83f-ab13-4efa-9fa4-ad690b63020a", "isDeleted:":"true", "version":"1701694606326"}}
{"logTime": "1223/115424", "correlationVector":"KnBph2EPRpzNa3xxBYoR12.182","action":"GetUpdates", "result":"DeleteReceived", "context":{"id":"be953e16-740a-49c9-9857-f583ce544db7", "isDeleted:":"true", "version":"1701695677362"}}
{"logTime": "1223/115424", "correlationVector":"KnBph2EPRpzNa3xxBYoR12.183","action":"GetUpdates", "result":"DeleteReceived", "context":{"id":"98858731-f292-4258-b466-9e47e36972ae", "isDeleted:":"true", "version":"1701695851670"}}
{"logTime": "1223/115424", "correlationVector":"KnBph2EPRpzNa3xxBYoR12.184","action":"GetUpdates", "result":"DeleteReceived", "context":{"id":"3ad3ece2-fdf1-41d5-989b-873233053ee5", "isDeleted:":"true", "version":"1701767425881"}}
{"logTime": "1223/115424", "correlationVector":"KnBph2EPRpzNa3xxBYoR12.185","action":"GetUpdates", "result":"DeleteReceived", "context":{"id":"48e58af2-9d33-406a-bd94-531f2a42a316", "isDeleted:":"true", "version":"1701767425882"}}
{"logTime": "1223/115424", "correlationVector":"KnBph2EPRpzNa3xxBYoR12.186","action":"GetUpdates", "result":"DeleteReceived", "context":{"id":"b319fe04-1fbd-49c8-a32b-38fa3b2b5301", "isDeleted:":"true", "version":"1701767425883"}}
{"logTime": "1223/115424", "correlationVector":"KnBph2EPRpzNa3xxBYoR12.187","action":"GetUpdates", "result":"DeleteReceived", "context":{"id":"d3c54648-06c3-47fc-8e8c-5739e8c408e6", "isDeleted:":"true", "version":"1701767425884"}}
{"logTime": "1223/115424", "correlationVector":"KnBph2EPRpzNa3xxBYoR12.188","action":"GetUpdates", "result":"DeleteReceived", "context":{"id":"e40ad2c5-838c-4d9e-8daf-64fb8e91cefb", "isDeleted:":"true", "version":"1701767425885"}}
{"logTime": "1223/115424", "correlationVector":"KnBph2EPRpzNa3xxBYoR12.189","action":"GetUpdates", "result":"DeleteReceived", "context":{"id":"62912230-ad70-460c-82b4-aa2988f0e4f4", "isDeleted:":"true", "version":"1701767425888"}}
{"logTime": "1223/115424", "correlationVector":"KnBph2EPRpzNa3xxBYoR12.190","action":"GetUpdates", "result":"DeleteReceived", "context":{"id":"b86d87df-fc51-48e9-aa6d-7a6ce4c5343b", "isDeleted:":"true", "version":"1701769301162"}}
{"logTime": "1223/115424", "correlationVector":"KnBph2EPRpzNa3xxBYoR12.191","action":"GetUpdates", "result":"DeleteReceived", "context":{"id":"8d3e4ec3-13fa-4981-a0ca-36c8ddff94bc", "isDeleted:":"true", "version":"1701769301163"}}
{"logTime": "1223/115424", "correlationVector":"KnBph2EPRpzNa3xxBYoR12.192","action":"GetUpdates", "result":"DeleteReceived", "context":{"id":"1e659e3c-89dd-4c5c-9c85-1d0e36fdf174", "isDeleted:":"true", "version":"1701769301165"}}
{"logTime": "1223/115424", "correlationVector":"KnBph2EPRpzNa3xxBYoR12.193","action":"GetUpdates", "result":"DeleteReceived", "context":{"id":"35921e8f-352c-4036-ac98-01f7388af3a0", "isDeleted:":"true", "version":"1701771307278"}}
{"logTime": "1223/115424", "correlationVector":"KnBph2EPRpzNa3xxBYoR12.194","action":"GetUpdates", "result":"DeleteReceived", "context":{"id":"a7928199-6b53-4770-abdd-f129ab38eef6", "isDeleted:":"true", "version":"1701775058568"}}
{"logTime": "1223/115424", "correlationVector":"KnBph2EPRpzNa3xxBYoR12.195","action":"GetUpdates", "result":"DeleteReceived", "context":{"id":"a692cca6-769a-4d32-916c-0977334996cc", "isDeleted:":"true", "version":"1701775810972"}}
{"logTime": "1223/115424", "correlationVector":"KnBph2EPRpzNa3xxBYoR12.196","action":"GetUpdates", "result":"DeleteReceived", "context":{"id":"0791a2a1-e580-4f53-8b91-cef6a81e7874", "isDeleted:":"true", "version":"1701775810973"}}
{"logTime": "1223/115424", "correlationVector":"KnBph2EPRpzNa3xxBYoR12.197","action":"GetUpdates", "result":"DeleteReceived", "context":{"id":"5b706dcd-a8cd-4c5f-b741-077799ec48ba", "isDeleted:":"true", "version":"1701775810974"}}
{"logTime": "1223/115424", "correlationVector":"KnBph2EPRpzNa3xxBYoR12.198","action":"GetUpdates", "result":"DeleteReceived", "context":{"id":"3509f7b7-30e8-429a-8796-2cd35bb52b9b", "isDeleted:":"true", "version":"1701775810975"}}
{"logTime": "1223/115424", "correlationVector":"KnBph2EPRpzNa3xxBYoR12.199","action":"GetUpdates", "result":"DeleteReceived", "context":{"id":"e0b1c684-76dc-448b-b6db-ce30a6a30d4d", "isDeleted:":"true", "version":"1701775810976"}}
{"logTime": "1223/115424", "correlationVector":"KnBph2EPRpzNa3xxBYoR12.200","action":"GetUpdates", "result":"DeleteReceived", "context":{"id":"f1cf9ef4-3267-4097-98a4-30a832e7cd3e", "isDeleted:":"true", "version":"1701775810977"}}
{"logTime": "1223/115424", "correlationVector":"KnBph2EPRpzNa3xxBYoR12.201","action":"GetUpdates", "result":"DeleteReceived", "context":{"id":"e2c5b868-d6ec-41ae-9bb9-70e9232e1e66", "isDeleted:":"true", "version":"1701775810979"}}
{"logTime": "1223/115424", "correlationVector":"KnBph2EPRpzNa3xxBYoR12.202","action":"GetUpdates", "result":"DeleteReceived", "context":{"id":"a5447933-c814-4c57-ad8c-642c6919bcf2", "isDeleted:":"true", "version":"1701775810980"}}
{"logTime": "1223/115424", "correlationVector":"KnBph2EPRpzNa3xxBYoR12.203","action":"GetUpdates", "result":"DeleteReceived", "context":{"id":"d41a3fd6-8c62-4b61-88fd-6bd2270994f2", "isDeleted:":"true", "version":"1701775810981"}}
{"logTime": "1223/115424", "correlationVector":"KnBph2EPRpzNa3xxBYoR12.204","action":"GetUpdates", "result":"DeleteReceived", "context":{"id":"d55c0286-6f14-47a8-82f0-fbfb93a93e4a", "isDeleted:":"true", "version":"1701775810984"}}
{"logTime": "1223/115424", "correlationVector":"KnBph2EPRpzNa3xxBYoR12.205","action":"GetUpdates", "result":"DeleteReceived", "context":{"id":"0de9814c-55c6-40c8-9435-773e6ccc4337", "isDeleted:":"true", "version":"1701775810985"}}
{"logTime": "1223/115424", "correlationVector":"KnBph2EPRpzNa3xxBYoR12.206","action":"GetUpdates", "result":"DeleteReceived", "context":{"id":"14caeb44-d864-4060-aec8-a4e21d3f8d07", "isDeleted:":"true", "version":"1701775810986"}}
{"logTime": "1223/115424", "correlationVector":"KnBph2EPRpzNa3xxBYoR12.207","action":"GetUpdates", "result":"DeleteReceived", "context":{"id":"c263a9b8-7238-4ad1-a938-1dcef460f181", "isDeleted:":"true", "version":"1701775810988"}}
{"logTime": "1223/115424", "correlationVector":"KnBph2EPRpzNa3xxBYoR12.208","action":"GetUpdates", "result":"DeleteReceived", "context":{"id":"f42fcaf0-62b7-4c04-ab7d-62de2bbf0494", "isDeleted:":"true", "version":"1701775810989"}}
{"logTime": "1223/115424", "correlationVector":"KnBph2EPRpzNa3xxBYoR12.209","action":"GetUpdates", "result":"DeleteReceived", "context":{"id":"bc6a7d78-b2af-4615-80ea-de4afd05f745", "isDeleted:":"true", "version":"1701775810990"}}
{"logTime": "1223/115424", "correlationVector":"KnBph2EPRpzNa3xxBYoR12.210","action":"GetUpdates", "result":"DeleteReceived", "context":{"id":"7819e606-fce9-407e-b859-7c0c0d2346fe", "isDeleted:":"true", "version":"1701775847338"}}
{"logTime": "1223/115424", "correlationVector":"KnBph2EPRpzNa3xxBYoR12.211","action":"GetUpdates", "result":"DeleteReceived", "context":{"id":"b21c1b67-dbdb-41d8-bfe4-75098996e261", "isDeleted:":"true", "version":"1701775893399"}}
{"logTime": "1223/115424", "correlationVector":"KnBph2EPRpzNa3xxBYoR12.212","action":"GetUpdates", "result":"DeleteReceived", "context":{"id":"edfaed9c-57f0-4404-a017-7231e023289c", "isDeleted:":"true", "version":"1701777239357"}}
{"logTime": "1223/115424", "correlationVector":"KnBph2EPRpzNa3xxBYoR12.213","action":"GetUpdates", "result":"DeleteReceived", "context":{"id":"779b4720-af0e-40c7-8c24-7bbd532a1926", "isDeleted:":"true", "version":"1701777418065"}}
{"logTime": "1223/115424", "correlationVector":"KnBph2EPRpzNa3xxBYoR12.214","action":"GetUpdates", "result":"DeleteReceived", "context":{"id":"0c3efde6-c19d-46e3-b4e9-2ae98a3ecc8b", "isDeleted:":"true", "version":"1701777684694"}}
{"logTime": "1223/115424", "correlationVector":"KnBph2EPRpzNa3xxBYoR12.215","action":"GetUpdates", "result":"DeleteReceived", "context":{"id":"e7bfa226-099c-48b2-b152-9c551a970246", "isDeleted:":"true", "version":"1701777833869"}}
{"logTime": "1223/115424", "correlationVector":"KnBph2EPRpzNa3xxBYoR12.216","action":"GetUpdates", "result":"DeleteReceived", "context":{"id":"f7534058-9d05-4d2f-9f61-dd1744931f87", "isDeleted:":"true", "version":"1701778442901"}}
{"logTime": "1223/115424", "correlationVector":"KnBph2EPRpzNa3xxBYoR12.217","action":"GetUpdates", "result":"DeleteReceived", "context":{"id":"ef64276d-d5af-4be5-8b59-db12833cd886", "isDeleted:":"true", "version":"1701778479283"}}
{"logTime": "1223/115424", "correlationVector":"KnBph2EPRpzNa3xxBYoR12.218","action":"GetUpdates", "result":"DeleteReceived", "context":{"id":"6e305a28-64d1-4cb5-84e9-462bb2d0fddf", "isDeleted:":"true", "version":"1701778479284"}}
{"logTime": "1223/115424", "correlationVector":"KnBph2EPRpzNa3xxBYoR12.219","action":"GetUpdates", "result":"DeleteReceived", "context":{"id":"110e9548-fa30-42ff-8827-ad358b1bbab4", "isDeleted:":"true", "version":"1701778479285"}}
{"logTime": "1223/115424", "correlationVector":"KnBph2EPRpzNa3xxBYoR12.220","action":"GetUpdates", "result":"DeleteReceived", "context":{"id":"b822238c-d1ff-4184-b9dc-6f9c756f7f92", "isDeleted:":"true", "version":"1701778479286"}}
{"logTime": "1223/115424", "correlationVector":"KnBph2EPRpzNa3xxBYoR12.221","action":"GetUpdates", "result":"DeleteReceived", "context":{"id":"27997c45-fea0-4ad9-8358-0620c10bae18", "isDeleted:":"true", "version":"1701778479287"}}
{"logTime": "1223/115424", "correlationVector":"KnBph2EPRpzNa3xxBYoR12.222","action":"GetUpdates", "result":"DeleteReceived", "context":{"id":"abb3fed3-a4d0-47af-878b-5c8b6504584d", "isDeleted:":"true", "version":"1701778641003"}}
{"logTime": "1223/115424", "correlationVector":"KnBph2EPRpzNa3xxBYoR12.223","action":"GetUpdates", "result":"DeleteReceived", "context":{"id":"e76785e4-1caa-4d84-bf63-558262a66c1d", "isDeleted:":"true", "version":"1701778641004"}}
{"logTime": "1223/115424", "correlationVector":"KnBph2EPRpzNa3xxBYoR12.224","action":"GetUpdates", "result":"DeleteReceived", "context":{"id":"90e92990-4248-4be4-90ea-ff91f2d76b43", "isDeleted:":"true", "version":"1701778641005"}}
{"logTime": "1223/115424", "correlationVector":"KnBph2EPRpzNa3xxBYoR12.225","action":"GetUpdates", "result":"DeleteReceived", "context":{"id":"4e776db8-1e0a-4a11-9b71-c44d1040b106", "isDeleted:":"true", "version":"1701778641007"}}
{"logTime": "1223/115424", "correlationVector":"KnBph2EPRpzNa3xxBYoR12.226","action":"GetUpdates", "result":"DeleteReceived", "context":{"id":"5d982c72-8c2e-4cc4-a902-f8d8095ac081", "isDeleted:":"true", "version":"1701778641008"}}
{"logTime": "1223/115424", "correlationVector":"KnBph2EPRpzNa3xxBYoR12.227","action":"GetUpdates", "result":"DeleteReceived", "context":{"id":"c3a1ea7c-6f81-44cf-bf63-0747991bd680", "isDeleted:":"true", "version":"1701780182952"}}
{"logTime": "1223/115424", "correlationVector":"KnBph2EPRpzNa3xxBYoR12.228","action":"GetUpdates", "result":"DeleteReceived", "context":{"id":"78638c1e-0aeb-44ca-92a1-f1cbe8672332", "isDeleted:":"true", "version":"1701780182953"}}
{"logTime": "1223/115424", "correlationVector":"KnBph2EPRpzNa3xxBYoR12.229","action":"GetUpdates", "result":"DeleteReceived", "context":{"id":"16d7090e-6525-4e74-98e0-895f759f398f", "isDeleted:":"true", "version":"1701780219353"}}
{"logTime": "1223/115424", "correlationVector":"KnBph2EPRpzNa3xxBYoR12.230","action":"GetUpdates", "result":"DeleteReceived", "context":{"id":"97aba8ab-7e49-4d3b-bfa0-4e134335d3f1", "isDeleted:":"true", "version":"1701780282657"}}
{"logTime": "1223/115424", "correlationVector":"KnBph2EPRpzNa3xxBYoR12.231","action":"GetUpdates", "result":"DeleteReceived", "context":{"id":"9559ba54-6808-4e2d-9135-f9897b895b7b", "isDeleted:":"true", "version":"1701780782714"}}
{"logTime": "1223/115424", "correlationVector":"KnBph2EPRpzNa3xxBYoR12.232","action":"GetUpdates", "result":"DeleteReceived", "context":{"id":"35bd4bb0-3359-460c-ae4f-da07e968ab76", "isDeleted:":"true", "version":"1701780819756"}}
{"logTime": "1223/115424", "correlationVector":"KnBph2EPRpzNa3xxBYoR12.233","action":"GetUpdates", "result":"DeleteReceived", "context":{"id":"083c487b-331d-4d64-8101-3df4d9c47ec0", "isDeleted:":"true", "version":"1701780819759"}}
{"logTime": "1223/115424", "correlationVector":"KnBph2EPRpzNa3xxBYoR12.234","action":"GetUpdates", "result":"DeleteReceived", "context":{"id":"979f5366-6466-4f78-a35d-375570c8ba38", "isDeleted:":"true", "version":"1701780819760"}}
{"logTime": "1223/115424", "correlationVector":"KnBph2EPRpzNa3xxBYoR12.235","action":"GetUpdates", "result":"DeleteReceived", "context":{"id":"6526b5f4-4a0d-46ea-be0b-0a551e2b5ea3", "isDeleted:":"true", "version":"1701780819761"}}
{"logTime": "1223/115424", "correlationVector":"KnBph2EPRpzNa3xxBYoR12.236","action":"GetUpdates", "result":"DeleteReceived", "context":{"id":"66e5a653-e74d-49f1-b2b8-bbd12b6e9a8e", "isDeleted:":"true", "version":"1701780819764"}}
{"logTime": "1223/115424", "correlationVector":"KnBph2EPRpzNa3xxBYoR12.237","action":"GetUpdates", "result":"DeleteReceived", "context":{"id":"a5da3c69-1646-4755-9f8a-39c6f4c7b565", "isDeleted:":"true", "version":"1701780871818"}}
{"logTime": "1223/115424", "correlationVector":"KnBph2EPRpzNa3xxBYoR12.238","action":"GetUpdates", "result":"DeleteReceived", "context":{"id":"9912229b-42e1-4b32-831a-c082d81d8295", "isDeleted:":"true", "version":"1701781935882"}}
{"logTime": "1223/115424", "correlationVector":"KnBph2EPRpzNa3xxBYoR12.239","action":"GetUpdates", "result":"DeleteReceived", "context":{"id":"1b14f5b4-fc05-44db-a3cd-38d2dc154486", "isDeleted:":"true", "version":"1701785377202"}}
{"logTime": "1223/115424", "correlationVector":"KnBph2EPRpzNa3xxBYoR12.240","action":"GetUpdates", "result":"DeleteReceived", "context":{"id":"40a08ddd-afa2-4d1c-9482-22a80fc66543", "isDeleted:":"true", "version":"1701785377204"}}
{"logTime": "1223/115424", "correlationVector":"KnBph2EPRpzNa3xxBYoR12.241","action":"GetUpdates Response", "result":"SERVER_MORE_TO_DOWNLOAD", "context":Received 250 update(s).  Some updates remain.}
{"logTime": "1223/115424", "correlationVector":"ZfgMjqQggdBf54pOtTMQ8m","action":"Initial GetUpdates", "result":"", "context":Reason: NEWLY_SUPPORTED_DATATYPE. cV=ZfgMjqQggdBf54pOtTMQ8m}
{"logTime": "1223/115424", "correlationVector":"ZfgMjqQggdBf54pOtTMQ8m.1","action":"SyncServerConnectionManagerRequest", "result":"SYNC_SERVER_OK", "context":{"environment":"Prod_WestEurope_000l", "migrationStage":"NotStarted", "server":"GENERAL01000027"}}
{"logTime": "1223/115424", "correlationVector":"ZfgMjqQggdBf54pOtTMQ8m.2","action":"GetUpdates", "result":"DeleteReceived", "context":{"id":"81d62f8a-845c-47c0-b997-1a637865fa7e", "isDeleted:":"true", "version":"1701785377205"}}
{"logTime": "1223/115424", "correlationVector":"ZfgMjqQggdBf54pOtTMQ8m.3","action":"GetUpdates", "result":"DeleteReceived", "context":{"id":"529b2f5b-b3ce-47d1-8b81-93309bc66c11", "isDeleted:":"true", "version":"1701785377206"}}
{"logTime": "1223/115424", "correlationVector":"ZfgMjqQggdBf54pOtTMQ8m.4","action":"GetUpdates", "result":"DeleteReceived", "context":{"id":"7356bfd8-0e5b-46e5-adb9-d67b507b0f73", "isDeleted:":"true", "version":"1701785377208"}}
{"logTime": "1223/115424", "correlationVector":"ZfgMjqQggdBf54pOtTMQ8m.5","action":"GetUpdates", "result":"DeleteReceived", "context":{"id":"0876707b-4306-496a-a5a3-04f011fedff7", "isDeleted:":"true", "version":"1701785377212"}}
{"logTime": "1223/115424", "correlationVector":"ZfgMjqQggdBf54pOtTMQ8m.6","action":"GetUpdates", "result":"DeleteReceived", "context":{"id":"d815b896-5694-4bab-9e2c-c5c2290d5c52", "isDeleted:":"true", "version":"1701785382892"}}
{"logTime": "1223/115424", "correlationVector":"ZfgMjqQggdBf54pOtTMQ8m.7","action":"GetUpdates", "result":"DeleteReceived", "context":{"id":"d7c8f2f5-9f1f-41c6-8090-61e2a8b01217", "isDeleted:":"true", "version":"1701785382893"}}
{"logTime": "1223/115424", "correlationVector":"ZfgMjqQggdBf54pOtTMQ8m.8","action":"GetUpdates", "result":"DeleteReceived", "context":{"id":"7857c61e-8f75-433a-bd06-04a0ab551e6f", "isDeleted:":"true", "version":"1701785382894"}}
{"logTime": "1223/115424", "correlationVector":"ZfgMjqQggdBf54pOtTMQ8m.9","action":"GetUpdates", "result":"DeleteReceived", "context":{"id":"6318375b-b247-4ef2-b7b9-9de3d6aeb2f2", "isDeleted:":"true", "version":"1701793860059"}}
{"logTime": "1223/115424", "correlationVector":"ZfgMjqQggdBf54pOtTMQ8m.10","action":"GetUpdates", "result":"DeleteReceived", "context":{"id":"d2323533-8b81-423f-9936-f3b5b37916c3", "isDeleted:":"true", "version":"1701794094583"}}
{"logTime": "1223/115424", "correlationVector":"ZfgMjqQggdBf54pOtTMQ8m.11","action":"GetUpdates", "result":"DeleteReceived", "context":{"id":"8c7861f9-5fd4-49d1-b286-70cd1d3d16da", "isDeleted:":"true", "version":"1701794094584"}}
{"logTime": "1223/115424", "correlationVector":"ZfgMjqQggdBf54pOtTMQ8m.12","action":"GetUpdates", "result":"DeleteReceived", "context":{"id":"11df3a01-6649-43ef-962a-3a45da377925", "isDeleted:":"true", "version":"1701794094585"}}
{"logTime": "1223/115424", "correlationVector":"ZfgMjqQggdBf54pOtTMQ8m.13","action":"GetUpdates", "result":"DeleteReceived", "context":{"id":"e5055daf-d352-4b50-882f-850780e62077", "isDeleted:":"true", "version":"1701794094586"}}
{"logTime": "1223/115424", "correlationVector":"ZfgMjqQggdBf54pOtTMQ8m.14","action":"GetUpdates", "result":"DeleteReceived", "context":{"id":"daf11bd3-27e7-4213-92ef-2c3378f41c69", "isDeleted:":"true", "version":"1701794094587"}}
{"logTime": "1223/115424", "correlationVector":"ZfgMjqQggdBf54pOtTMQ8m.15","action":"GetUpdates", "result":"DeleteReceived", "context":{"id":"3ecf7031-043e-4fe6-9227-17cb5d8e7acb", "isDeleted:":"true", "version":"1701794094588"}}
{"logTime": "1223/115424", "correlationVector":"ZfgMjqQggdBf54pOtTMQ8m.16","action":"GetUpdates", "result":"DeleteReceived", "context":{"id":"28fe48c9-be1d-4f03-9954-52a57469e270", "isDeleted:":"true", "version":"1701854905720"}}
{"logTime": "1223/115424", "correlationVector":"ZfgMjqQggdBf54pOtTMQ8m.17","action":"GetUpdates", "result":"DeleteReceived", "context":{"id":"4f2c358b-6246-4385-adca-1feeb39180f5", "isDeleted:":"true", "version":"1701854905722"}}
{"logTime": "1223/115424", "correlationVector":"ZfgMjqQggdBf54pOtTMQ8m.18","action":"GetUpdates", "result":"DeleteReceived", "context":{"id":"88e53572-390d-4aa9-b6ea-8a110ddf6661", "isDeleted:":"true", "version":"1701862852944"}}
{"logTime": "1223/115424", "correlationVector":"ZfgMjqQggdBf54pOtTMQ8m.19","action":"GetUpdates", "result":"DeleteReceived", "context":{"id":"59f53373-0c2e-457c-a4d9-e618186613fa", "isDeleted:":"true", "version":"1701862852946"}}
{"logTime": "1223/115424", "correlationVector":"ZfgMjqQggdBf54pOtTMQ8m.20","action":"GetUpdates", "result":"DeleteReceived", "context":{"id":"222f3f79-e398-4635-9b33-bad2f0daf450", "isDeleted:":"true", "version":"1701878504669"}}
{"logTime": "1223/115424", "correlationVector":"ZfgMjqQggdBf54pOtTMQ8m.21","action":"GetUpdates", "result":"DeleteReceived", "context":{"id":"02eab635-fa82-47d9-99ae-3eadb22b21f1", "isDeleted:":"true", "version":"1701878504670"}}
{"logTime": "1223/115424", "correlationVector":"ZfgMjqQggdBf54pOtTMQ8m.22","action":"GetUpdates", "result":"DeleteReceived", "context":{"id":"5c6a72c9-723d-48e7-b084-7bb64687db4d", "isDeleted:":"true", "version":"1701878504671"}}
{"logTime": "1223/115424", "correlationVector":"ZfgMjqQggdBf54pOtTMQ8m.23","action":"GetUpdates", "result":"DeleteReceived", "context":{"id":"51c6e0b9-136e-4d55-983e-247949a1c123", "isDeleted:":"true", "version":"1701878504673"}}
{"logTime": "1223/115424", "correlationVector":"ZfgMjqQggdBf54pOtTMQ8m.24","action":"GetUpdates", "result":"DeleteReceived", "context":{"id":"210b6aa4-110e-47eb-87d9-0e9abde111ed", "isDeleted:":"true", "version":"1701881625963"}}
{"logTime": "1223/115424", "correlationVector":"ZfgMjqQggdBf54pOtTMQ8m.25","action":"GetUpdates", "result":"DeleteReceived", "context":{"id":"3f34f80e-d870-4b40-888d-71592258ebae", "isDeleted:":"true", "version":"1701881625965"}}
{"logTime": "1223/115424", "correlationVector":"ZfgMjqQggdBf54pOtTMQ8m.26","action":"GetUpdates", "result":"DeleteReceived", "context":{"id":"fdbf2d37-0b21-4782-b965-b7d5a516eb8f", "isDeleted:":"true", "version":"1701881625966"}}
{"logTime": "1223/115424", "correlationVector":"ZfgMjqQggdBf54pOtTMQ8m.27","action":"GetUpdates", "result":"DeleteReceived", "context":{"id":"d1a1b699-7d2a-41fd-9d9d-12d50769914c", "isDeleted:":"true", "version":"1701881625967"}}
{"logTime": "1223/115424", "correlationVector":"ZfgMjqQggdBf54pOtTMQ8m.28","action":"GetUpdates", "result":"DeleteReceived", "context":{"id":"77798dc1-7515-47af-900f-ba834f005e64", "isDeleted:":"true", "version":"1701883238078"}}
{"logTime": "1223/115424", "correlationVector":"ZfgMjqQggdBf54pOtTMQ8m.29","action":"GetUpdates", "result":"DeleteReceived", "context":{"id":"9f4c928f-284f-42f5-b402-0e47a9fab04e", "isDeleted:":"true", "version":"1701884536891"}}
{"logTime": "1223/115424", "correlationVector":"ZfgMjqQggdBf54pOtTMQ8m.30","action":"GetUpdates", "result":"DeleteReceived", "context":{"id":"dca14dea-870b-423d-8f22-6cde4b6e2572", "isDeleted:":"true", "version":"1701884824596"}}
{"logTime": "1223/115424", "correlationVector":"ZfgMjqQggdBf54pOtTMQ8m.31","action":"GetUpdates", "result":"DeleteReceived", "context":{"id":"e8cd0f44-73c0-4ef9-8d28-715393fcaeaf", "isDeleted:":"true", "version":"1701884824599"}}
{"logTime": "1223/115424", "correlationVector":"ZfgMjqQggdBf54pOtTMQ8m.32","action":"GetUpdates", "result":"DeleteReceived", "context":{"id":"f85fc5e6-f0f5-4286-989a-72672adb574b", "isDeleted:":"true", "version":"1701884824600"}}
{"logTime": "1223/115424", "correlationVector":"ZfgMjqQggdBf54pOtTMQ8m.33","action":"GetUpdates", "result":"DeleteReceived", "context":{"id":"038419fa-131d-4429-bcf7-9d3eacaeb40e", "isDeleted:":"true", "version":"1701884824601"}}
{"logTime": "1223/115424", "correlationVector":"ZfgMjqQggdBf54pOtTMQ8m.34","action":"GetUpdates", "result":"DeleteReceived", "context":{"id":"9bc10841-819d-4d6d-add8-a2d86035c26d", "isDeleted:":"true", "version":"1701884824602"}}
{"logTime": "1223/115424", "correlationVector":"ZfgMjqQggdBf54pOtTMQ8m.35","action":"GetUpdates", "result":"DeleteReceived", "context":{"id":"2768663c-b0ff-4e8a-9ae1-6f7c39904114", "isDeleted:":"true", "version":"1701884824603"}}
{"logTime": "1223/115424", "correlationVector":"ZfgMjqQggdBf54pOtTMQ8m.36","action":"GetUpdates", "result":"DeleteReceived", "context":{"id":"27bfc6f7-8701-4dd5-ae71-08f0b0d464bb", "isDeleted:":"true", "version":"1701884824605"}}
{"logTime": "1223/115424", "correlationVector":"ZfgMjqQggdBf54pOtTMQ8m.37","action":"GetUpdates", "result":"DeleteReceived", "context":{"id":"7afdf5b5-d690-4f17-88d2-f26cb68036ac", "isDeleted:":"true", "version":"1701885854793"}}
{"logTime": "1223/115424", "correlationVector":"ZfgMjqQggdBf54pOtTMQ8m.38","action":"GetUpdates", "result":"DeleteReceived", "context":{"id":"2f18ebfa-a829-4043-96ee-cfc04de8972e", "isDeleted:":"true", "version":"1701889545801"}}
{"logTime": "1223/115424", "correlationVector":"ZfgMjqQggdBf54pOtTMQ8m.39","action":"GetUpdates", "result":"DeleteReceived", "context":{"id":"891f584a-18e4-4463-a601-85d6b433f7cb", "isDeleted:":"true", "version":"1701891588919"}}
{"logTime": "1223/115424", "correlationVector":"ZfgMjqQggdBf54pOtTMQ8m.40","action":"GetUpdates", "result":"DeleteReceived", "context":{"id":"c788127a-ac66-47ae-a5c5-11b2dee3903e", "isDeleted:":"true", "version":"1701891619526"}}
{"logTime": "1223/115424", "correlationVector":"ZfgMjqQggdBf54pOtTMQ8m.41","action":"GetUpdates", "result":"DeleteReceived", "context":{"id":"ae403b2a-e4a0-4d5d-8b07-7227cc98b23c", "isDeleted:":"true", "version":"1701891619527"}}
{"logTime": "1223/115424", "correlationVector":"ZfgMjqQggdBf54pOtTMQ8m.42","action":"GetUpdates", "result":"DeleteReceived", "context":{"id":"7f71e40e-d213-411d-b079-f4ff044482ea", "isDeleted:":"true", "version":"1701891740777"}}
{"logTime": "1223/115424", "correlationVector":"ZfgMjqQggdBf54pOtTMQ8m.43","action":"GetUpdates", "result":"DeleteReceived", "context":{"id":"96f7d584-0a7e-455f-9c8e-6233eb40f8c1", "isDeleted:":"true", "version":"1701892145486"}}
{"logTime": "1223/115424", "correlationVector":"ZfgMjqQggdBf54pOtTMQ8m.44","action":"GetUpdates", "result":"DeleteReceived", "context":{"id":"190f0e87-5ac8-46f9-9361-08bc8658e647", "isDeleted:":"true", "version":"1701892542160"}}
{"logTime": "1223/115424", "correlationVector":"ZfgMjqQggdBf54pOtTMQ8m.45","action":"GetUpdates", "result":"DeleteReceived", "context":{"id":"c9d8694d-db48-48dd-b064-38d9556896e4", "isDeleted:":"true", "version":"1701892578560"}}
{"logTime": "1223/115424", "correlationVector":"ZfgMjqQggdBf54pOtTMQ8m.46","action":"GetUpdates", "result":"DeleteReceived", "context":{"id":"117f2a7f-6405-43ee-95f0-e395b151470f", "isDeleted:":"true", "version":"1701950793718"}}
{"logTime": "1223/115424", "correlationVector":"ZfgMjqQggdBf54pOtTMQ8m.47","action":"GetUpdates", "result":"DeleteReceived", "context":{"id":"baad0451-b893-48c6-9a0d-45dfd6ebb330", "isDeleted:":"true", "version":"1701950793719"}}
{"logTime": "1223/115424", "correlationVector":"ZfgMjqQggdBf54pOtTMQ8m.48","action":"GetUpdates", "result":"DeleteReceived", "context":{"id":"52a42964-5bc4-4e00-8d66-bf4656fbe5e6", "isDeleted:":"true", "version":"1701950793720"}}
{"logTime": "1223/115424", "correlationVector":"ZfgMjqQggdBf54pOtTMQ8m.49","action":"GetUpdates", "result":"DeleteReceived", "context":{"id":"b2fef32d-52b8-438c-a17e-79014622ad93", "isDeleted:":"true", "version":"1701957601707"}}
{"logTime": "1223/115424", "correlationVector":"ZfgMjqQggdBf54pOtTMQ8m.50","action":"GetUpdates", "result":"DeleteReceived", "context":{"id":"a564a82b-3f74-42c6-bc02-87e4430627c2", "isDeleted:":"true", "version":"1701957601708"}}
{"logTime": "1223/115424", "correlationVector":"ZfgMjqQggdBf54pOtTMQ8m.51","action":"GetUpdates", "result":"DeleteReceived", "context":{"id":"0e7b111c-0bef-484b-94b1-bfb37c99ff3b", "isDeleted:":"true", "version":"1701957601709"}}
{"logTime": "1223/115424", "correlationVector":"ZfgMjqQggdBf54pOtTMQ8m.52","action":"GetUpdates", "result":"DeleteReceived", "context":{"id":"ad99ff8f-a7a6-4bd6-81a8-b2b8fb4940d0", "isDeleted:":"true", "version":"1701957601710"}}
{"logTime": "1223/115424", "correlationVector":"ZfgMjqQggdBf54pOtTMQ8m.53","action":"GetUpdates", "result":"DeleteReceived", "context":{"id":"7aa35cd1-95c1-46f3-9c11-f684fd73d1ca", "isDeleted:":"true", "version":"1701957601711"}}
{"logTime": "1223/115424", "correlationVector":"ZfgMjqQggdBf54pOtTMQ8m.54","action":"GetUpdates", "result":"DeleteReceived", "context":{"id":"8b46ee4c-ae8a-442e-a80c-a21524f9a47b", "isDeleted:":"true", "version":"1701957601712"}}
{"logTime": "1223/115424", "correlationVector":"ZfgMjqQggdBf54pOtTMQ8m.55","action":"GetUpdates", "result":"DeleteReceived", "context":{"id":"3f4abd3b-1d4a-4727-bec8-f14386ae83c0", "isDeleted:":"true", "version":"1701957601714"}}
{"logTime": "1223/115424", "correlationVector":"ZfgMjqQggdBf54pOtTMQ8m.56","action":"GetUpdates", "result":"DeleteReceived", "context":{"id":"abed4dff-a696-4424-89c7-4cfff1f2140e", "isDeleted:":"true", "version":"1701957601715"}}
{"logTime": "1223/115424", "correlationVector":"ZfgMjqQggdBf54pOtTMQ8m.57","action":"GetUpdates", "result":"DeleteReceived", "context":{"id":"8873b747-03d6-4eca-99ca-7db1b0366ea0", "isDeleted:":"true", "version":"1701975586199"}}
{"logTime": "1223/115424", "correlationVector":"ZfgMjqQggdBf54pOtTMQ8m.58","action":"GetUpdates", "result":"DeleteReceived", "context":{"id":"17bea3cd-48ff-4ffe-b206-0f623e3bcdd5", "isDeleted:":"true", "version":"1701980021386"}}
{"logTime": "1223/115424", "correlationVector":"ZfgMjqQggdBf54pOtTMQ8m.59","action":"GetUpdates", "result":"DeleteReceived", "context":{"id":"62cf7e4e-220d-4512-9f39-da079bcf3196", "isDeleted:":"true", "version":"1702031158637"}}
{"logTime": "1223/115424", "correlationVector":"ZfgMjqQggdBf54pOtTMQ8m.60","action":"GetUpdates", "result":"DeleteReceived", "context":{"id":"cdcf9025-3a43-45bb-86f7-9dec32768539", "isDeleted:":"true", "version":"1702031158638"}}
{"logTime": "1223/115424", "correlationVector":"ZfgMjqQggdBf54pOtTMQ8m.61","action":"GetUpdates", "result":"DeleteReceived", "context":{"id":"3e271235-b700-472a-bc7c-4fa80c3d0b77", "isDeleted:":"true", "version":"1702031158639"}}
{"logTime": "1223/115424", "correlationVector":"ZfgMjqQggdBf54pOtTMQ8m.62","action":"GetUpdates", "result":"DeleteReceived", "context":{"id":"066c3327-0c08-4834-bbf6-ab407b369cd6", "isDeleted:":"true", "version":"1702031158640"}}
{"logTime": "1223/115424", "correlationVector":"ZfgMjqQggdBf54pOtTMQ8m.63","action":"GetUpdates", "result":"DeleteReceived", "context":{"id":"dcf8f1e1-b0b2-42c3-821f-aa92ef52cb1d", "isDeleted:":"true", "version":"1702031158642"}}
{"logTime": "1223/115424", "correlationVector":"ZfgMjqQggdBf54pOtTMQ8m.64","action":"GetUpdates", "result":"DeleteReceived", "context":{"id":"7dc67979-ca5d-4ead-907a-ffb51e17742f", "isDeleted:":"true", "version":"1702031158643"}}
{"logTime": "1223/115424", "correlationVector":"ZfgMjqQggdBf54pOtTMQ8m.65","action":"GetUpdates", "result":"DeleteReceived", "context":{"id":"4f872dcb-2284-49ae-9683-f126d37e309a", "isDeleted:":"true", "version":"1702051510584"}}
{"logTime": "1223/115424", "correlationVector":"ZfgMjqQggdBf54pOtTMQ8m.66","action":"GetUpdates", "result":"DeleteReceived", "context":{"id":"c8e53bb5-99ca-40b8-a5e4-f0dec3e5eb1c", "isDeleted:":"true", "version":"1702051510586"}}
{"logTime": "1223/115424", "correlationVector":"ZfgMjqQggdBf54pOtTMQ8m.67","action":"GetUpdates", "result":"DeleteReceived", "context":{"id":"4293e7f0-fd77-482e-be98-a3c3fbab719c", "isDeleted:":"true", "version":"1702054981792"}}
{"logTime": "1223/115424", "correlationVector":"ZfgMjqQggdBf54pOtTMQ8m.68","action":"GetUpdates", "result":"DeleteReceived", "context":{"id":"9d1898a6-2b3f-42fe-9713-56eddf27085d", "isDeleted:":"true", "version":"1702114639322"}}
{"logTime": "1223/115424", "correlationVector":"ZfgMjqQggdBf54pOtTMQ8m.69","action":"GetUpdates", "result":"DeleteReceived", "context":{"id":"67e5d4aa-18a5-4c46-a061-e96620c412bd", "isDeleted:":"true", "version":"1702114639323"}}
{"logTime": "1223/115424", "correlationVector":"ZfgMjqQggdBf54pOtTMQ8m.70","action":"GetUpdates", "result":"DeleteReceived", "context":{"id":"c998c0de-3173-42ca-a935-5e9911811cbc", "isDeleted:":"true", "version":"1702114639324"}}
{"logTime": "1223/115424", "correlationVector":"ZfgMjqQggdBf54pOtTMQ8m.71","action":"GetUpdates", "result":"DeleteReceived", "context":{"id":"ac389d67-d1c3-4056-a25c-93224354e30b", "isDeleted:":"true", "version":"1702114639325"}}
{"logTime": "1223/115424", "correlationVector":"ZfgMjqQggdBf54pOtTMQ8m.72","action":"GetUpdates", "result":"DeleteReceived", "context":{"id":"38e44bf4-ec0e-4628-9f7e-b2d2db7876ce", "isDeleted:":"true", "version":"1702114639327"}}
{"logTime": "1223/115424", "correlationVector":"ZfgMjqQggdBf54pOtTMQ8m.73","action":"GetUpdates", "result":"DeleteReceived", "context":{"id":"c876011c-8f4f-44e5-a365-0c64c25b96a4", "isDeleted:":"true", "version":"1702114639328"}}
{"logTime": "1223/115424", "correlationVector":"ZfgMjqQggdBf54pOtTMQ8m.74","action":"GetUpdates", "result":"DeleteReceived", "context":{"id":"bbc7757c-ee74-4fcc-b79b-0c156b236563", "isDeleted:":"true", "version":"1702117272506"}}
{"logTime": "1223/115424", "correlationVector":"ZfgMjqQggdBf54pOtTMQ8m.75","action":"GetUpdates", "result":"DeleteReceived", "context":{"id":"a6fb5a2e-e011-49b8-952b-d15be28020b4", "isDeleted:":"true", "version":"1702117272508"}}
{"logTime": "1223/115424", "correlationVector":"ZfgMjqQggdBf54pOtTMQ8m.76","action":"GetUpdates", "result":"DeleteReceived", "context":{"id":"1b9a13c0-fb52-48b6-984b-6bb29ec20a9e", "isDeleted:":"true", "version":"1702118092646"}}
{"logTime": "1223/115424", "correlationVector":"ZfgMjqQggdBf54pOtTMQ8m.77","action":"GetUpdates", "result":"DeleteReceived", "context":{"id":"606c82bc-82cd-4979-b383-4a8a35ad3c8a", "isDeleted:":"true", "version":"1702119077721"}}
{"logTime": "1223/115424", "correlationVector":"ZfgMjqQggdBf54pOtTMQ8m.78","action":"GetUpdates", "result":"DeleteReceived", "context":{"id":"c396e3d7-673e-49ca-8107-14e62999f821", "isDeleted:":"true", "version":"1702127602426"}}
{"logTime": "1223/115424", "correlationVector":"ZfgMjqQggdBf54pOtTMQ8m.79","action":"GetUpdates", "result":"DeleteReceived", "context":{"id":"c84e6170-8b9f-491e-bf0e-9081fe7180ff", "isDeleted:":"true", "version":"1702141113645"}}
{"logTime": "1223/115424", "correlationVector":"ZfgMjqQggdBf54pOtTMQ8m.80","action":"GetUpdates", "result":"DeleteReceived", "context":{"id":"66fc3f48-7229-4d13-b381-3bd551eee38c", "isDeleted:":"true", "version":"1702141144295"}}
{"logTime": "1223/115424", "correlationVector":"ZfgMjqQggdBf54pOtTMQ8m.81","action":"GetUpdates", "result":"DeleteReceived", "context":{"id":"82bfa279-8c57-4791-9bd2-40c447b5b934", "isDeleted:":"true", "version":"1702141144297"}}
{"logTime": "1223/115424", "correlationVector":"ZfgMjqQggdBf54pOtTMQ8m.82","action":"GetUpdates", "result":"DeleteReceived", "context":{"id":"b5173707-7f9b-46a4-9021-4cc238db96e6", "isDeleted:":"true", "version":"1702141144298"}}
{"logTime": "1223/115424", "correlationVector":"ZfgMjqQggdBf54pOtTMQ8m.83","action":"GetUpdates", "result":"DeleteReceived", "context":{"id":"f76d46af-9b36-4bff-940d-09d09e3de598", "isDeleted:":"true", "version":"1702141144299"}}
{"logTime": "1223/115424", "correlationVector":"ZfgMjqQggdBf54pOtTMQ8m.84","action":"GetUpdates", "result":"DeleteReceived", "context":{"id":"9d7d8c8e-c780-4fdc-8076-bde43a871517", "isDeleted:":"true", "version":"1702141144300"}}
{"logTime": "1223/115424", "correlationVector":"ZfgMjqQggdBf54pOtTMQ8m.85","action":"GetUpdates", "result":"DeleteReceived", "context":{"id":"0b5cf0e1-ee6c-4aeb-9922-64932862e7af", "isDeleted:":"true", "version":"1702141144302"}}
{"logTime": "1223/115424", "correlationVector":"ZfgMjqQggdBf54pOtTMQ8m.86","action":"GetUpdates", "result":"DeleteReceived", "context":{"id":"94f1ac73-08c4-4a88-b34e-46ae62724686", "isDeleted:":"true", "version":"1702141144305"}}
{"logTime": "1223/115424", "correlationVector":"ZfgMjqQggdBf54pOtTMQ8m.87","action":"GetUpdates", "result":"DeleteReceived", "context":{"id":"edd52ca3-eea2-49d9-824b-ec9b7015a42f", "isDeleted:":"true", "version":"1702146183288"}}
{"logTime": "1223/115424", "correlationVector":"ZfgMjqQggdBf54pOtTMQ8m.88","action":"GetUpdates", "result":"DeleteReceived", "context":{"id":"01bbd28b-a2bf-43e4-8d39-9e04116517a7", "isDeleted:":"true", "version":"1702146183290"}}
{"logTime": "1223/115424", "correlationVector":"ZfgMjqQggdBf54pOtTMQ8m.89","action":"GetUpdates", "result":"DeleteReceived", "context":{"id":"32bf4a70-f2ec-493b-a51d-a554939f040e", "isDeleted:":"true", "version":"1702149236826"}}
{"logTime": "1223/115424", "correlationVector":"ZfgMjqQggdBf54pOtTMQ8m.90","action":"GetUpdates", "result":"DeleteReceived", "context":{"id":"42e8e96a-edbe-4bd1-a3ee-d1034619969f", "isDeleted:":"true", "version":"1702151748406"}}
{"logTime": "1223/115424", "correlationVector":"ZfgMjqQggdBf54pOtTMQ8m.91","action":"GetUpdates", "result":"DeleteReceived", "context":{"id":"597a450c-ba59-4301-abfa-987529e48e41", "isDeleted:":"true", "version":"1702151945726"}}
{"logTime": "1223/115424", "correlationVector":"ZfgMjqQggdBf54pOtTMQ8m.92","action":"GetUpdates", "result":"DeleteReceived", "context":{"id":"76ca8525-9aa8-4d22-b9dd-a86d4fd506c2", "isDeleted:":"true", "version":"1702152820643"}}
{"logTime": "1223/115424", "correlationVector":"ZfgMjqQggdBf54pOtTMQ8m.93","action":"GetUpdates", "result":"DeleteReceived", "context":{"id":"bd339f6e-2e8a-4e90-ba5a-5a8fb4eb6e92", "isDeleted:":"true", "version":"1702152820644"}}
{"logTime": "1223/115424", "correlationVector":"ZfgMjqQggdBf54pOtTMQ8m.94","action":"GetUpdates", "result":"DeleteReceived", "context":{"id":"2d4af48b-85c9-4211-a04d-525682e2784a", "isDeleted:":"true", "version":"1702152820645"}}
{"logTime": "1223/115424", "correlationVector":"ZfgMjqQggdBf54pOtTMQ8m.95","action":"GetUpdates", "result":"DeleteReceived", "context":{"id":"50c2eb86-2afc-47ea-96ec-deb4ac906477", "isDeleted:":"true", "version":"1702152820647"}}
{"logTime": "1223/115424", "correlationVector":"ZfgMjqQggdBf54pOtTMQ8m.96","action":"GetUpdates", "result":"DeleteReceived", "context":{"id":"46a574e1-6f36-4a00-8f6d-5a9106786ac4", "isDeleted:":"true", "version":"1702152820648"}}
{"logTime": "1223/115424", "correlationVector":"ZfgMjqQggdBf54pOtTMQ8m.97","action":"GetUpdates", "result":"DeleteReceived", "context":{"id":"3ed07d18-1647-4a56-b782-48ee69dd51c3", "isDeleted:":"true", "version":"1702152820649"}}
{"logTime": "1223/115424", "correlationVector":"ZfgMjqQggdBf54pOtTMQ8m.98","action":"GetUpdates", "result":"DeleteReceived", "context":{"id":"4569c292-2bd3-4e0b-8419-36796105e273", "isDeleted:":"true", "version":"1702152820650"}}
{"logTime": "1223/115424", "correlationVector":"ZfgMjqQggdBf54pOtTMQ8m.99","action":"GetUpdates", "result":"DeleteReceived", "context":{"id":"8cb46fee-0e35-49db-bd92-3b5e03b50426", "isDeleted:":"true", "version":"1702152820651"}}
{"logTime": "1223/115424", "correlationVector":"ZfgMjqQggdBf54pOtTMQ8m.100","action":"GetUpdates", "result":"DeleteReceived", "context":{"id":"ef25d9cb-9eb4-4484-8abf-b2d98302ba8b", "isDeleted:":"true", "version":"1702152820652"}}
{"logTime": "1223/115424", "correlationVector":"ZfgMjqQggdBf54pOtTMQ8m.101","action":"GetUpdates", "result":"DeleteReceived", "context":{"id":"25ed6c46-ba2e-4d83-9783-1ce3e18d9aca", "isDeleted:":"true", "version":"1702152820653"}}
{"logTime": "1223/115424", "correlationVector":"ZfgMjqQggdBf54pOtTMQ8m.102","action":"GetUpdates", "result":"DeleteReceived", "context":{"id":"cdc81346-ceae-4665-a1d3-5eab2f271f8b", "isDeleted:":"true", "version":"1702152820654"}}
{"logTime": "1223/115424", "correlationVector":"ZfgMjqQggdBf54pOtTMQ8m.103","action":"GetUpdates", "result":"DeleteReceived", "context":{"id":"3bda7c61-adf3-4851-875e-09820d6a251c", "isDeleted:":"true", "version":"1702152820655"}}
{"logTime": "1223/115424", "correlationVector":"ZfgMjqQggdBf54pOtTMQ8m.104","action":"GetUpdates", "result":"DeleteReceived", "context":{"id":"16b4b813-19d0-457b-8d14-ef0598540acb", "isDeleted:":"true", "version":"1702152820656"}}
{"logTime": "1223/115424", "correlationVector":"ZfgMjqQggdBf54pOtTMQ8m.105","action":"GetUpdates", "result":"DeleteReceived", "context":{"id":"00d6f50d-9987-409f-a183-ccbda7bf117b", "isDeleted:":"true", "version":"1702152820657"}}
{"logTime": "1223/115424", "correlationVector":"ZfgMjqQggdBf54pOtTMQ8m.106","action":"GetUpdates", "result":"DeleteReceived", "context":{"id":"01153481-3cde-401d-818d-81f222ad31ef", "isDeleted:":"true", "version":"1702152820659"}}
{"logTime": "1223/115424", "correlationVector":"ZfgMjqQggdBf54pOtTMQ8m.107","action":"GetUpdates", "result":"DeleteReceived", "context":{"id":"4dd6c9e7-59c2-4971-8ffe-c8cc88b8412a", "isDeleted:":"true", "version":"1702152820661"}}
{"logTime": "1223/115424", "correlationVector":"ZfgMjqQggdBf54pOtTMQ8m.108","action":"GetUpdates", "result":"DeleteReceived", "context":{"id":"14c0e6c5-ab98-4090-99c7-adccdc709aa2", "isDeleted:":"true", "version":"1702152821487"}}
{"logTime": "1223/115424", "correlationVector":"ZfgMjqQggdBf54pOtTMQ8m.109","action":"GetUpdates", "result":"DeleteReceived", "context":{"id":"b1d3b2c8-5374-4108-acd9-0cd96a6fbadb", "isDeleted:":"true", "version":"1702152821488"}}
{"logTime": "1223/115424", "correlationVector":"ZfgMjqQggdBf54pOtTMQ8m.110","action":"GetUpdates", "result":"DeleteReceived", "context":{"id":"53991775-332b-4b2f-8dea-461f13f50972", "isDeleted:":"true", "version":"1702152863011"}}
{"logTime": "1223/115424", "correlationVector":"ZfgMjqQggdBf54pOtTMQ8m.111","action":"GetUpdates", "result":"DeleteReceived", "context":{"id":"81bf830b-ced1-49ea-a8a9-742c3b753576", "isDeleted:":"true", "version":"1702152863012"}}
{"logTime": "1223/115424", "correlationVector":"ZfgMjqQggdBf54pOtTMQ8m.112","action":"GetUpdates", "result":"DeleteReceived", "context":{"id":"e29f3bd9-a9ab-4717-8ac1-6bc9f0b60159", "isDeleted:":"true", "version":"1702155267557"}}
{"logTime": "1223/115424", "correlationVector":"ZfgMjqQggdBf54pOtTMQ8m.113","action":"GetUpdates", "result":"DeleteReceived", "context":{"id":"d070034d-1547-490f-8588-135fd1094ecd", "isDeleted:":"true", "version":"1702155677782"}}
{"logTime": "1223/115424", "correlationVector":"ZfgMjqQggdBf54pOtTMQ8m.114","action":"GetUpdates", "result":"DeleteReceived", "context":{"id":"f40670cb-a910-435c-84d2-450405220557", "isDeleted:":"true", "version":"1702155809477"}}
{"logTime": "1223/115424", "correlationVector":"ZfgMjqQggdBf54pOtTMQ8m.115","action":"GetUpdates", "result":"DeleteReceived", "context":{"id":"bbbb2320-d7b6-4245-88c2-7a47419541fa", "isDeleted:":"true", "version":"1702155809478"}}
{"logTime": "1223/115424", "correlationVector":"ZfgMjqQggdBf54pOtTMQ8m.116","action":"GetUpdates", "result":"DeleteReceived", "context":{"id":"e1308af8-f9d1-4243-86ec-5ecfb2a1541b", "isDeleted:":"true", "version":"1702155809479"}}
{"logTime": "1223/115424", "correlationVector":"ZfgMjqQggdBf54pOtTMQ8m.117","action":"GetUpdates", "result":"DeleteReceived", "context":{"id":"fad0a40f-d7a1-4395-9f6e-c59b07e1c093", "isDeleted:":"true", "version":"1702161937822"}}
{"logTime": "1223/115424", "correlationVector":"ZfgMjqQggdBf54pOtTMQ8m.118","action":"GetUpdates", "result":"DeleteReceived", "context":{"id":"a0c70a37-2e82-4a22-8f99-97e12cb7f218", "isDeleted:":"true", "version":"1702161937823"}}
{"logTime": "1223/115424", "correlationVector":"ZfgMjqQggdBf54pOtTMQ8m.119","action":"GetUpdates", "result":"DeleteReceived", "context":{"id":"a0f85652-dc18-4d9f-b566-4131d917b108", "isDeleted:":"true", "version":"1702161937824"}}
{"logTime": "1223/115424", "correlationVector":"ZfgMjqQggdBf54pOtTMQ8m.120","action":"GetUpdates", "result":"DeleteReceived", "context":{"id":"cb1a8215-5372-417f-9db3-8cdad9bd48f0", "isDeleted:":"true", "version":"1702161937825"}}
{"logTime": "1223/115424", "correlationVector":"ZfgMjqQggdBf54pOtTMQ8m.121","action":"GetUpdates", "result":"DeleteReceived", "context":{"id":"59a126aa-21b6-448e-86ba-c7cce349f56d", "isDeleted:":"true", "version":"1702161937827"}}
{"logTime": "1223/115424", "correlationVector":"ZfgMjqQggdBf54pOtTMQ8m.122","action":"GetUpdates", "result":"DeleteReceived", "context":{"id":"aea07539-ad02-4935-8a5a-c55be9a9e79e", "isDeleted:":"true", "version":"1702162699439"}}
{"logTime": "1223/115424", "correlationVector":"ZfgMjqQggdBf54pOtTMQ8m.123","action":"GetUpdates", "result":"DeleteReceived", "context":{"id":"1e21aad1-0f1d-4df3-b9f5-e6c1dc95b009", "isDeleted:":"true", "version":"1702162699442"}}
{"logTime": "1223/115424", "correlationVector":"ZfgMjqQggdBf54pOtTMQ8m.124","action":"GetUpdates", "result":"DeleteReceived", "context":{"id":"06d01263-040e-495b-badf-dd0aa76132d2", "isDeleted:":"true", "version":"1702195737614"}}
{"logTime": "1223/115424", "correlationVector":"ZfgMjqQggdBf54pOtTMQ8m.125","action":"GetUpdates", "result":"DeleteReceived", "context":{"id":"152f4970-604d-44c1-9ff6-3db4f0fe4f88", "isDeleted:":"true", "version":"1702195737615"}}
{"logTime": "1223/115424", "correlationVector":"ZfgMjqQggdBf54pOtTMQ8m.126","action":"GetUpdates", "result":"DeleteReceived", "context":{"id":"97290ec9-97b4-4a56-a75d-9c34134a4d9c", "isDeleted:":"true", "version":"1702195737616"}}
{"logTime": "1223/115424", "correlationVector":"ZfgMjqQggdBf54pOtTMQ8m.127","action":"GetUpdates", "result":"DeleteReceived", "context":{"id":"f4f9da2a-26b8-4dab-801a-9b4d0501b7af", "isDeleted:":"true", "version":"1702195737617"}}
{"logTime": "1223/115424", "correlationVector":"ZfgMjqQggdBf54pOtTMQ8m.128","action":"GetUpdates", "result":"DeleteReceived", "context":{"id":"fb20321b-3294-49aa-bc46-1f12772e8dc1", "isDeleted:":"true", "version":"1702195737618"}}
{"logTime": "1223/115424", "correlationVector":"ZfgMjqQggdBf54pOtTMQ8m.129","action":"GetUpdates", "result":"DeleteReceived", "context":{"id":"102ddb1b-b112-4127-9f74-ce8e438b5e58", "isDeleted:":"true", "version":"1702195737619"}}
{"logTime": "1223/115424", "correlationVector":"ZfgMjqQggdBf54pOtTMQ8m.130","action":"GetUpdates", "result":"DeleteReceived", "context":{"id":"49b4a5ae-156c-4b62-8649-047216f85e65", "isDeleted:":"true", "version":"1702195737620"}}
{"logTime": "1223/115424", "correlationVector":"ZfgMjqQggdBf54pOtTMQ8m.131","action":"GetUpdates", "result":"DeleteReceived", "context":{"id":"3b9bab92-6f43-45f0-8d06-ed31902d4f2c", "isDeleted:":"true", "version":"1702195737621"}}
{"logTime": "1223/115424", "correlationVector":"ZfgMjqQggdBf54pOtTMQ8m.132","action":"GetUpdates", "result":"DeleteReceived", "context":{"id":"1dda3cf2-f730-4d62-8111-202af985da23", "isDeleted:":"true", "version":"1702195737623"}}
{"logTime": "1223/115424", "correlationVector":"ZfgMjqQggdBf54pOtTMQ8m.133","action":"GetUpdates", "result":"DeleteReceived", "context":{"id":"15383e41-2978-4720-aaff-434fca2b1035", "isDeleted:":"true", "version":"1702195737624"}}
{"logTime": "1223/115424", "correlationVector":"ZfgMjqQggdBf54pOtTMQ8m.134","action":"GetUpdates", "result":"DeleteReceived", "context":{"id":"a91f55b3-6c2c-4b8b-b8dd-3eb7a9b8aa52", "isDeleted:":"true", "version":"1702200051128"}}
{"logTime": "1223/115424", "correlationVector":"ZfgMjqQggdBf54pOtTMQ8m.135","action":"GetUpdates", "result":"DeleteReceived", "context":{"id":"cacd8f52-c719-4c3d-88a6-302d7dd37938", "isDeleted:":"true", "version":"1702206234905"}}
{"logTime": "1223/115424", "correlationVector":"ZfgMjqQggdBf54pOtTMQ8m.136","action":"GetUpdates", "result":"DeleteReceived", "context":{"id":"e027e95c-d782-45f7-a8a5-93362f44bff3", "isDeleted:":"true", "version":"1702206289550"}}
{"logTime": "1223/115424", "correlationVector":"ZfgMjqQggdBf54pOtTMQ8m.137","action":"GetUpdates", "result":"DeleteReceived", "context":{"id":"98ba0440-bd4d-44fe-b46f-30616cb2890e", "isDeleted:":"true", "version":"1702208036125"}}
{"logTime": "1223/115424", "correlationVector":"ZfgMjqQggdBf54pOtTMQ8m.138","action":"GetUpdates", "result":"DeleteReceived", "context":{"id":"c4341188-8d2e-436f-8261-ff0c9d7ab256", "isDeleted:":"true", "version":"1702208036126"}}
{"logTime": "1223/115424", "correlationVector":"ZfgMjqQggdBf54pOtTMQ8m.139","action":"GetUpdates", "result":"DeleteReceived", "context":{"id":"6eba5e35-fb80-4f5f-9fbf-ba5c97cd77fe", "isDeleted:":"true", "version":"1702208036128"}}
{"logTime": "1223/115424", "correlationVector":"ZfgMjqQggdBf54pOtTMQ8m.140","action":"GetUpdates", "result":"DeleteReceived", "context":{"id":"3cb1dc4c-6ae4-4500-b301-319cd8608493", "isDeleted:":"true", "version":"1702208036129"}}
{"logTime": "1223/115424", "correlationVector":"ZfgMjqQggdBf54pOtTMQ8m.141","action":"GetUpdates", "result":"DeleteReceived", "context":{"id":"ac0e9939-9fed-4c31-af18-80fe5548c0c4", "isDeleted:":"true", "version":"1702208036130"}}
{"logTime": "1223/115424", "correlationVector":"ZfgMjqQggdBf54pOtTMQ8m.142","action":"GetUpdates", "result":"DeleteReceived", "context":{"id":"ff1a1926-5bc3-4b73-83cf-366e04f68e98", "isDeleted:":"true", "version":"1702208036131"}}
{"logTime": "1223/115424", "correlationVector":"ZfgMjqQggdBf54pOtTMQ8m.143","action":"GetUpdates", "result":"DeleteReceived", "context":{"id":"ab1f2e2f-28c5-4622-946b-aae5db3fec3c", "isDeleted:":"true", "version":"1702208036132"}}
{"logTime": "1223/115424", "correlationVector":"ZfgMjqQggdBf54pOtTMQ8m.144","action":"GetUpdates", "result":"DeleteReceived", "context":{"id":"087103c8-c7f6-42cc-b61e-feabf5c4290e", "isDeleted:":"true", "version":"1702208036133"}}
{"logTime": "1223/115424", "correlationVector":"ZfgMjqQggdBf54pOtTMQ8m.145","action":"GetUpdates", "result":"DeleteReceived", "context":{"id":"7dc4f156-8657-40b8-9a3e-9f45288028d0", "isDeleted:":"true", "version":"1702208036134"}}
{"logTime": "1223/115424", "correlationVector":"ZfgMjqQggdBf54pOtTMQ8m.146","action":"GetUpdates", "result":"DeleteReceived", "context":{"id":"6ec9e035-3270-46ee-89df-f8d5d670d997", "isDeleted:":"true", "version":"1702208036135"}}
{"logTime": "1223/115424", "correlationVector":"ZfgMjqQggdBf54pOtTMQ8m.147","action":"GetUpdates", "result":"DeleteReceived", "context":{"id":"a026376c-f110-4cdd-97fc-ac58a4649399", "isDeleted:":"true", "version":"1702208036136"}}
{"logTime": "1223/115424", "correlationVector":"ZfgMjqQggdBf54pOtTMQ8m.148","action":"GetUpdates", "result":"DeleteReceived", "context":{"id":"b22f493b-8d00-472b-a0a8-4c27178d15c0", "isDeleted:":"true", "version":"1702208036139"}}
{"logTime": "1223/115424", "correlationVector":"ZfgMjqQggdBf54pOtTMQ8m.149","action":"GetUpdates", "result":"DeleteReceived", "context":{"id":"e460a248-5e75-4257-a1e7-7c3d13bd07a3", "isDeleted:":"true", "version":"1702208066996"}}
{"logTime": "1223/115424", "correlationVector":"ZfgMjqQggdBf54pOtTMQ8m.150","action":"GetUpdates", "result":"DeleteReceived", "context":{"id":"139e144a-98b0-46ca-a4d8-d1e7ed948a97", "isDeleted:":"true", "version":"1702208066997"}}
{"logTime": "1223/115424", "correlationVector":"ZfgMjqQggdBf54pOtTMQ8m.151","action":"GetUpdates", "result":"DeleteReceived", "context":{"id":"766361a3-5fec-4a98-9472-160ce3347b70", "isDeleted:":"true", "version":"1702219138436"}}
{"logTime": "1223/115424", "correlationVector":"ZfgMjqQggdBf54pOtTMQ8m.152","action":"GetUpdates", "result":"DeleteReceived", "context":{"id":"ee7e0d39-2b90-4a00-9387-cd1ae7088e34", "isDeleted:":"true", "version":"1702220192700"}}
{"logTime": "1223/115424", "correlationVector":"ZfgMjqQggdBf54pOtTMQ8m.153","action":"GetUpdates", "result":"DeleteReceived", "context":{"id":"d1048fd6-9627-4714-85be-d75a8b08d99b", "isDeleted:":"true", "version":"1702221651285"}}
{"logTime": "1223/115424", "correlationVector":"ZfgMjqQggdBf54pOtTMQ8m.154","action":"GetUpdates", "result":"DeleteReceived", "context":{"id":"f356f251-bf43-47d1-9f55-2dd1348d14dd", "isDeleted:":"true", "version":"1702222397073"}}
{"logTime": "1223/115424", "correlationVector":"ZfgMjqQggdBf54pOtTMQ8m.155","action":"GetUpdates", "result":"DeleteReceived", "context":{"id":"053a1713-2498-45ad-a1bb-e49cdffbdec9", "isDeleted:":"true", "version":"1702222397075"}}
{"logTime": "1223/115424", "correlationVector":"ZfgMjqQggdBf54pOtTMQ8m.156","action":"GetUpdates", "result":"DeleteReceived", "context":{"id":"db5d8c3e-ec6f-4f15-aaf2-5bdd2d7be898", "isDeleted:":"true", "version":"1702224334407"}}
{"logTime": "1223/115424", "correlationVector":"ZfgMjqQggdBf54pOtTMQ8m.157","action":"GetUpdates", "result":"DeleteReceived", "context":{"id":"e0b9b34e-c49e-445d-b246-d8d1dc3db75f", "isDeleted:":"true", "version":"1702224334408"}}
{"logTime": "1223/115424", "correlationVector":"ZfgMjqQggdBf54pOtTMQ8m.158","action":"GetUpdates", "result":"DeleteReceived", "context":{"id":"d38dba4c-77f1-48c6-b1ba-cc50b2fa7eb9", "isDeleted:":"true", "version":"1702224334410"}}
{"logTime": "1223/115424", "correlationVector":"ZfgMjqQggdBf54pOtTMQ8m.159","action":"GetUpdates", "result":"DeleteReceived", "context":{"id":"fc5d0f97-d114-4071-8900-c7e3ad3f447d", "isDeleted:":"true", "version":"1702224371474"}}
{"logTime": "1223/115424", "correlationVector":"ZfgMjqQggdBf54pOtTMQ8m.160","action":"GetUpdates", "result":"DeleteReceived", "context":{"id":"ea3cc786-0a42-47f6-a13a-62cbd495326e", "isDeleted:":"true", "version":"1702225974888"}}
{"logTime": "1223/115424", "correlationVector":"ZfgMjqQggdBf54pOtTMQ8m.161","action":"GetUpdates Response", "result":"SERVER_MORE_TO_DOWNLOAD", "context":Received 250 update(s).  Some updates remain.}
{"logTime": "1223/115424", "correlationVector":"c0MMbbiGh+iXnMS71WqOrg","action":"Initial GetUpdates", "result":"", "context":Reason: NEWLY_SUPPORTED_DATATYPE. cV=c0MMbbiGh+iXnMS71WqOrg}
{"logTime": "1223/115425", "correlationVector":"c0MMbbiGh+iXnMS71WqOrg.1","action":"SyncServerConnectionManagerRequest", "result":"SYNC_SERVER_OK", "context":{"environment":"Prod_WestEurope_000l", "migrationStage":"NotStarted", "server":"GENERAL01000024"}}
{"logTime": "1223/115425", "correlationVector":"c0MMbbiGh+iXnMS71WqOrg.2","action":"GetUpdates", "result":"DeleteReceived", "context":{"id":"c2b3c8b7-e35c-4eb1-8b58-6fa3ebcf9102", "isDeleted:":"true", "version":"1702985153705"}}
{"logTime": "1223/115425", "correlationVector":"c0MMbbiGh+iXnMS71WqOrg.3","action":"GetUpdates", "result":"DeleteReceived", "context":{"id":"b146026f-f8b1-456d-8100-95a71e7b4a1a", "isDeleted:":"true", "version":"1702985154877"}}
{"logTime": "1223/115425", "correlationVector":"c0MMbbiGh+iXnMS71WqOrg.4","action":"GetUpdates", "result":"DeleteReceived", "context":{"id":"bd56eeb5-d01e-4dee-9252-507b43066dd0", "isDeleted:":"true", "version":"1702985154878"}}
{"logTime": "1223/115425", "correlationVector":"c0MMbbiGh+iXnMS71WqOrg.5","action":"GetUpdates", "result":"DeleteReceived", "context":{"id":"c3041c8c-f12c-40f8-b201-cfa8df64f730", "isDeleted:":"true", "version":"1702985154879"}}
{"logTime": "1223/115425", "correlationVector":"c0MMbbiGh+iXnMS71WqOrg.6","action":"GetUpdates", "result":"DeleteReceived", "context":{"id":"2ade5fb5-3150-45ee-b256-12a6e2aecdbe", "isDeleted:":"true", "version":"1702985154880"}}
{"logTime": "1223/115425", "correlationVector":"c0MMbbiGh+iXnMS71WqOrg.7","action":"GetUpdates", "result":"DeleteReceived", "context":{"id":"c97a56b1-06d1-4817-94a3-3980d5c5a260", "isDeleted:":"true", "version":"1702985154881"}}
{"logTime": "1223/115425", "correlationVector":"c0MMbbiGh+iXnMS71WqOrg.8","action":"GetUpdates", "result":"DeleteReceived", "context":{"id":"5722673e-4bcd-435d-b58b-118549ba22f9", "isDeleted:":"true", "version":"1702985154882"}}
{"logTime": "1223/115425", "correlationVector":"c0MMbbiGh+iXnMS71WqOrg.9","action":"GetUpdates", "result":"DeleteReceived", "context":{"id":"acc64d52-00a6-45af-9e92-4cd4004dc818", "isDeleted:":"true", "version":"1702985154883"}}
{"logTime": "1223/115425", "correlationVector":"c0MMbbiGh+iXnMS71WqOrg.10","action":"GetUpdates", "result":"DeleteReceived", "context":{"id":"aeb6d512-7314-45c2-a93b-df153f5048aa", "isDeleted:":"true", "version":"1702985154884"}}
{"logTime": "1223/115425", "correlationVector":"c0MMbbiGh+iXnMS71WqOrg.11","action":"GetUpdates", "result":"DeleteReceived", "context":{"id":"c251a07b-18c6-4c63-8800-94f7674bda4b", "isDeleted:":"true", "version":"1702985154885"}}
{"logTime": "1223/115425", "correlationVector":"c0MMbbiGh+iXnMS71WqOrg.12","action":"GetUpdates", "result":"DeleteReceived", "context":{"id":"cfb685fd-156d-4b96-b60d-91b58c7a1411", "isDeleted:":"true", "version":"1702985154886"}}
{"logTime": "1223/115425", "correlationVector":"c0MMbbiGh+iXnMS71WqOrg.13","action":"GetUpdates", "result":"DeleteReceived", "context":{"id":"0d816f2a-47c1-493d-a8cd-9491e33ad0bf", "isDeleted:":"true", "version":"1702985154888"}}
{"logTime": "1223/115425", "correlationVector":"c0MMbbiGh+iXnMS71WqOrg.14","action":"GetUpdates", "result":"DeleteReceived", "context":{"id":"9c5d2461-6f0f-4149-a445-5f2a86dd641e", "isDeleted:":"true", "version":"1702985154889"}}
{"logTime": "1223/115425", "correlationVector":"c0MMbbiGh+iXnMS71WqOrg.15","action":"GetUpdates", "result":"DeleteReceived", "context":{"id":"b48f9316-88ba-45e4-8978-3522fcfe7dc6", "isDeleted:":"true", "version":"1702985154890"}}
{"logTime": "1223/115425", "correlationVector":"c0MMbbiGh+iXnMS71WqOrg.16","action":"GetUpdates", "result":"DeleteReceived", "context":{"id":"529af62e-eeb0-45ae-99a6-8cb7613875d0", "isDeleted:":"true", "version":"1702985154891"}}
{"logTime": "1223/115425", "correlationVector":"c0MMbbiGh+iXnMS71WqOrg.17","action":"GetUpdates", "result":"DeleteReceived", "context":{"id":"1c7d84f1-fec5-41c6-ab41-c91b002aafc7", "isDeleted:":"true", "version":"1702985972404"}}
{"logTime": "1223/115425", "correlationVector":"c0MMbbiGh+iXnMS71WqOrg.18","action":"GetUpdates", "result":"DeleteReceived", "context":{"id":"dffac138-db85-4926-ac28-80b8e3344be7", "isDeleted:":"true", "version":"1702986568884"}}
{"logTime": "1223/115425", "correlationVector":"c0MMbbiGh+iXnMS71WqOrg.19","action":"GetUpdates", "result":"DeleteReceived", "context":{"id":"d5e12267-6cbc-4040-b269-c461f8989909", "isDeleted:":"true", "version":"1703003742080"}}
{"logTime": "1223/115425", "correlationVector":"c0MMbbiGh+iXnMS71WqOrg.20","action":"GetUpdates", "result":"DeleteReceived", "context":{"id":"1417cdb0-c08a-45c5-a2dc-b0b62f4395f3", "isDeleted:":"true", "version":"1703072337765"}}
{"logTime": "1223/115425", "correlationVector":"c0MMbbiGh+iXnMS71WqOrg.21","action":"GetUpdates", "result":"DeleteReceived", "context":{"id":"b096433b-11cf-4397-a4ef-ab5ca48fd20f", "isDeleted:":"true", "version":"1703072337766"}}
{"logTime": "1223/115425", "correlationVector":"c0MMbbiGh+iXnMS71WqOrg.22","action":"GetUpdates", "result":"DeleteReceived", "context":{"id":"12679134-80a1-4818-811a-69dd039379c4", "isDeleted:":"true", "version":"1703072337768"}}
{"logTime": "1223/115425", "correlationVector":"c0MMbbiGh+iXnMS71WqOrg.23","action":"GetUpdates", "result":"DeleteReceived", "context":{"id":"e431943e-98ba-429e-a572-a2901b2f0112", "isDeleted:":"true", "version":"1703077859978"}}
{"logTime": "1223/115425", "correlationVector":"c0MMbbiGh+iXnMS71WqOrg.24","action":"GetUpdates", "result":"DeleteReceived", "context":{"id":"6cfbefd1-7b88-4a2d-8db3-3756f5184b42", "isDeleted:":"true", "version":"1703083111609"}}
{"logTime": "1223/115425", "correlationVector":"c0MMbbiGh+iXnMS71WqOrg.25","action":"GetUpdates", "result":"DeleteReceived", "context":{"id":"c0b02058-6d07-45a2-ac2b-ad5f5343dcf3", "isDeleted:":"true", "version":"1703176314438"}}
{"logTime": "1223/115425", "correlationVector":"c0MMbbiGh+iXnMS71WqOrg.26","action":"GetUpdates", "result":"DeleteReceived", "context":{"id":"1a78531b-c3c7-49c3-bd0b-9f7918a6b66a", "isDeleted:":"true", "version":"1703176314439"}}
{"logTime": "1223/115425", "correlationVector":"c0MMbbiGh+iXnMS71WqOrg.27","action":"GetUpdates", "result":"DeleteReceived", "context":{"id":"2232318d-7879-45a6-a867-1d0e9a223fe4", "isDeleted:":"true", "version":"1703176314442"}}
{"logTime": "1223/115425", "correlationVector":"c0MMbbiGh+iXnMS71WqOrg.28","action":"GetUpdates", "result":"DeleteReceived", "context":{"id":"8969a585-a9f1-469b-9316-74052d1feff6", "isDeleted:":"true", "version":"1703237535343"}}
{"logTime": "1223/115425", "correlationVector":"c0MMbbiGh+iXnMS71WqOrg.29","action":"GetUpdates", "result":"DeleteReceived", "context":{"id":"0f9a51bf-42e9-4b5d-b6de-07e99a7cc37c", "isDeleted:":"true", "version":"1703237535344"}}
{"logTime": "1223/115425", "correlationVector":"c0MMbbiGh+iXnMS71WqOrg.30","action":"GetUpdates", "result":"DeleteReceived", "context":{"id":"1c151b86-3bbd-4521-a7b9-846f4aea5c1b", "isDeleted:":"true", "version":"1703237535345"}}
{"logTime": "1223/115425", "correlationVector":"c0MMbbiGh+iXnMS71WqOrg.31","action":"GetUpdates", "result":"DeleteReceived", "context":{"id":"5fd4a6aa-ec67-47b9-8f42-ef319e01e969", "isDeleted:":"true", "version":"1703237535347"}}
{"logTime": "1223/115425", "correlationVector":"c0MMbbiGh+iXnMS71WqOrg.32","action":"GetUpdates", "result":"DeleteReceived", "context":{"id":"3b2366d0-184d-4379-b19e-230451c56222", "isDeleted:":"true", "version":"1703239055651"}}
{"logTime": "1223/115425", "correlationVector":"c0MMbbiGh+iXnMS71WqOrg.33","action":"GetUpdates", "result":"DeleteReceived", "context":{"id":"7f5ddcc1-1cee-47c4-8d1d-6869e1aa75b4", "isDeleted:":"true", "version":"1703240076979"}}
{"logTime": "1223/115425", "correlationVector":"c0MMbbiGh+iXnMS71WqOrg.34","action":"GetUpdates", "result":"DeleteReceived", "context":{"id":"76b05b19-93fd-41d5-8274-1f3afb840d17", "isDeleted:":"true", "version":"1703246084537"}}
{"logTime": "1223/115425", "correlationVector":"c0MMbbiGh+iXnMS71WqOrg.35","action":"GetUpdates", "result":"DeleteReceived", "context":{"id":"09119b8f-15d4-40ab-b7f4-1b51dd5ec2ef", "isDeleted:":"true", "version":"1703246807873"}}
{"logTime": "1223/115425", "correlationVector":"c0MMbbiGh+iXnMS71WqOrg.36","action":"GetUpdates", "result":"DeleteReceived", "context":{"id":"4ce3f87d-66c5-4c32-9c53-d5a9e3723b85", "isDeleted:":"true", "version":"1703246848129"}}
{"logTime": "1223/115425", "correlationVector":"c0MMbbiGh+iXnMS71WqOrg.37","action":"GetUpdates", "result":"DeleteReceived", "context":{"id":"dba1e1a2-292a-4e3e-9a08-aa54da77e6ff", "isDeleted:":"true", "version":"1703246848130"}}
{"logTime": "1223/115425", "correlationVector":"c0MMbbiGh+iXnMS71WqOrg.38","action":"GetUpdates", "result":"DeleteReceived", "context":{"id":"82b0b934-95ac-488d-ba1c-f6f17cc95e17", "isDeleted:":"true", "version":"1703246978104"}}
{"logTime": "1223/115425", "correlationVector":"c0MMbbiGh+iXnMS71WqOrg.39","action":"GetUpdates", "result":"DeleteReceived", "context":{"id":"5858e77c-2bc7-433c-a477-f70b49be9f46", "isDeleted:":"true", "version":"1703248898527"}}
{"logTime": "1223/115425", "correlationVector":"c0MMbbiGh+iXnMS71WqOrg.40","action":"GetUpdates", "result":"DeleteReceived", "context":{"id":"0a978e78-6de3-4551-8c43-6150ac53baee", "isDeleted:":"true", "version":"1703251190503"}}
{"logTime": "1223/115425", "correlationVector":"c0MMbbiGh+iXnMS71WqOrg.41","action":"GetUpdates", "result":"DeleteReceived", "context":{"id":"53e2c89a-6596-4eb3-87c3-53caa85f18fd", "isDeleted:":"true", "version":"1703251190504"}}
{"logTime": "1223/115425", "correlationVector":"c0MMbbiGh+iXnMS71WqOrg.42","action":"GetUpdates", "result":"DeleteReceived", "context":{"id":"14b94551-e410-489c-b313-79a3b29eb32d", "isDeleted:":"true", "version":"1703251190505"}}
{"logTime": "1223/115425", "correlationVector":"c0MMbbiGh+iXnMS71WqOrg.43","action":"GetUpdates", "result":"DeleteReceived", "context":{"id":"38bc5689-e7d0-4239-9f35-effe07bd7eb3", "isDeleted:":"true", "version":"1703251190506"}}
{"logTime": "1223/115425", "correlationVector":"c0MMbbiGh+iXnMS71WqOrg.44","action":"GetUpdates", "result":"DeleteReceived", "context":{"id":"d48d6ee2-0891-447a-84ed-6cd38817c789", "isDeleted:":"true", "version":"1703251190507"}}
{"logTime": "1223/115425", "correlationVector":"c0MMbbiGh+iXnMS71WqOrg.45","action":"GetUpdates", "result":"DeleteReceived", "context":{"id":"2f0989e3-da3c-485e-9a84-3d3e5e0fdb65", "isDeleted:":"true", "version":"1703251190508"}}
{"logTime": "1223/115425", "correlationVector":"c0MMbbiGh+iXnMS71WqOrg.46","action":"GetUpdates", "result":"DeleteReceived", "context":{"id":"9cf07bef-50ee-48c0-937b-10e5b1767455", "isDeleted:":"true", "version":"1703251190509"}}
{"logTime": "1223/115425", "correlationVector":"c0MMbbiGh+iXnMS71WqOrg.47","action":"GetUpdates", "result":"DeleteReceived", "context":{"id":"d1af5f3f-6b0d-47e4-93a8-55841cf4f525", "isDeleted:":"true", "version":"1703251190511"}}
{"logTime": "1223/115425", "correlationVector":"c0MMbbiGh+iXnMS71WqOrg.48","action":"GetUpdates", "result":"DeleteReceived", "context":{"id":"b5a85d17-3472-4cd7-81d5-d6ba4ed32e30", "isDeleted:":"true", "version":"1703251190513"}}
{"logTime": "1223/115425", "correlationVector":"c0MMbbiGh+iXnMS71WqOrg.49","action":"GetUpdates", "result":"DeleteReceived", "context":{"id":"e5a13d98-7a97-4ada-a02a-fed927b6fc9e", "isDeleted:":"true", "version":"1703251292515"}}
{"logTime": "1223/115425", "correlationVector":"c0MMbbiGh+iXnMS71WqOrg.50","action":"GetUpdates", "result":"DeleteReceived", "context":{"id":"bc039faa-b08e-4fe4-a7a6-3f8128991206", "isDeleted:":"true", "version":"1703251292516"}}
{"logTime": "1223/115425", "correlationVector":"c0MMbbiGh+iXnMS71WqOrg.51","action":"GetUpdates", "result":"DeleteReceived", "context":{"id":"67422ec8-489f-4cba-b5a5-05331c3626c8", "isDeleted:":"true", "version":"1703251292517"}}
{"logTime": "1223/115425", "correlationVector":"c0MMbbiGh+iXnMS71WqOrg.52","action":"GetUpdates", "result":"DeleteReceived", "context":{"id":"2c4707c2-8060-4bba-bd37-9c6cd2103dd7", "isDeleted:":"true", "version":"1703251292519"}}
{"logTime": "1223/115425", "correlationVector":"c0MMbbiGh+iXnMS71WqOrg.53","action":"GetUpdates", "result":"DeleteReceived", "context":{"id":"9038137c-0c90-487f-83f4-71adc6850998", "isDeleted:":"true", "version":"1703251324258"}}
{"logTime": "1223/115425", "correlationVector":"c0MMbbiGh+iXnMS71WqOrg.54","action":"GetUpdates", "result":"DeleteReceived", "context":{"id":"dc43dc77-0c3f-48fe-ab6b-b0a8d8f4d441", "isDeleted:":"true", "version":"1703251324259"}}
{"logTime": "1223/115425", "correlationVector":"c0MMbbiGh+iXnMS71WqOrg.55","action":"GetUpdates", "result":"DeleteReceived", "context":{"id":"77b0beab-8a5e-4634-a87d-a7cc6011fef6", "isDeleted:":"true", "version":"1703251324260"}}
{"logTime": "1223/115425", "correlationVector":"c0MMbbiGh+iXnMS71WqOrg.56","action":"GetUpdates", "result":"DeleteReceived", "context":{"id":"7179c9fc-95ac-424d-868c-57cd58ecab4e", "isDeleted:":"true", "version":"1703251324263"}}
{"logTime": "1223/115425", "correlationVector":"c0MMbbiGh+iXnMS71WqOrg.57","action":"GetUpdates", "result":"DeleteReceived", "context":{"id":"900cb38a-4a6e-4306-8fce-44180a87c953", "isDeleted:":"true", "version":"1703260076849"}}
{"logTime": "1223/115425", "correlationVector":"c0MMbbiGh+iXnMS71WqOrg.58","action":"GetUpdates", "result":"DeleteReceived", "context":{"id":"d518abca-b170-4eb9-bf10-29e5b7500843", "isDeleted:":"true", "version":"1703260076852"}}
{"logTime": "1223/115425", "correlationVector":"c0MMbbiGh+iXnMS71WqOrg.59","action":"GetUpdates", "result":"DeleteReceived", "context":{"id":"dedaa91a-419a-446b-a280-d0e15817dbab", "isDeleted:":"true", "version":"1703260210115"}}
{"logTime": "1223/115425", "correlationVector":"c0MMbbiGh+iXnMS71WqOrg.60","action":"GetUpdates", "result":"DeleteReceived", "context":{"id":"7a54777b-2e03-4b15-b1a0-abc74f21daa4", "isDeleted:":"true", "version":"1703262205424"}}
{"logTime": "1223/115425", "correlationVector":"c0MMbbiGh+iXnMS71WqOrg.61","action":"GetUpdates", "result":"DeleteReceived", "context":{"id":"fa45a7ba-5438-4754-9f7b-4af69f45567a", "isDeleted:":"true", "version":"1703264836921"}}
{"logTime": "1223/115425", "correlationVector":"c0MMbbiGh+iXnMS71WqOrg.62","action":"GetUpdates", "result":"DeleteReceived", "context":{"id":"a49728e2-246b-40c3-9a72-d0601a9e0412", "isDeleted:":"true", "version":"1703264836922"}}
{"logTime": "1223/115425", "correlationVector":"c0MMbbiGh+iXnMS71WqOrg.63","action":"GetUpdates", "result":"DeleteReceived", "context":{"id":"ec968687-83cf-4bbe-8254-ab863c5ef9fd", "isDeleted:":"true", "version":"1703264836923"}}
{"logTime": "1223/115425", "correlationVector":"c0MMbbiGh+iXnMS71WqOrg.64","action":"GetUpdates", "result":"DeleteReceived", "context":{"id":"82df4dcf-e55f-4ce3-b926-b2da063580e9", "isDeleted:":"true", "version":"1703264836924"}}
{"logTime": "1223/115425", "correlationVector":"c0MMbbiGh+iXnMS71WqOrg.65","action":"GetUpdates", "result":"DeleteReceived", "context":{"id":"2c5f92c8-3e20-479a-abe7-0ced3cf3e6ad", "isDeleted:":"true", "version":"1703264836926"}}
{"logTime": "1223/115425", "correlationVector":"c0MMbbiGh+iXnMS71WqOrg.66","action":"GetUpdates", "result":"DeleteReceived", "context":{"id":"f38893a6-98ff-406e-a54b-0280905b4dc3", "isDeleted:":"true", "version":"1703265045574"}}
{"logTime": "1223/115425", "correlationVector":"c0MMbbiGh+iXnMS71WqOrg.67","action":"GetUpdates", "result":"DeleteReceived", "context":{"id":"f7fbb104-97c1-4f7b-8672-db661d4c108b", "isDeleted:":"true", "version":"1703325911449"}}
{"logTime": "1223/115425", "correlationVector":"c0MMbbiGh+iXnMS71WqOrg.68","action":"GetUpdates", "result":"DeleteReceived", "context":{"id":"89a2d586-5a9e-44c1-9a77-a7f8ea060f0c", "isDeleted:":"true", "version":"1703325911450"}}
{"logTime": "1223/115425", "correlationVector":"c0MMbbiGh+iXnMS71WqOrg.69","action":"GetUpdates", "result":"DeleteReceived", "context":{"id":"3806dec7-1322-4719-8b87-a840156a7687", "isDeleted:":"true", "version":"1703325911452"}}
{"logTime": "1223/115425", "correlationVector":"c0MMbbiGh+iXnMS71WqOrg.70","action":"GetUpdates", "result":"DeleteReceived", "context":{"id":"b9668b1f-8e87-422c-989c-e72c4d0ea829", "isDeleted:":"true", "version":"1703327331404"}}
{"logTime": "1223/115425", "correlationVector":"c0MMbbiGh+iXnMS71WqOrg.71","action":"GetUpdates", "result":"DeleteReceived", "context":{"id":"e546f012-27a0-4daa-a6c5-dc95c42569ae", "isDeleted:":"true", "version":"1703328615366"}}
{"logTime": "1223/115425", "correlationVector":"c0MMbbiGh+iXnMS71WqOrg.72","action":"GetUpdates", "result":"DeleteReceived", "context":{"id":"1a639def-bcda-4dfd-b860-62f87e150d10", "isDeleted:":"true", "version":"1703328615367"}}
{"logTime": "1223/115425", "correlationVector":"c0MMbbiGh+iXnMS71WqOrg.73","action":"GetUpdates", "result":"DeleteReceived", "context":{"id":"d9dd9c03-e90e-4bf3-af2d-14b40865852a", "isDeleted:":"true", "version":"1703328615369"}}
{"logTime": "1223/115425", "correlationVector":"c0MMbbiGh+iXnMS71WqOrg.74","action":"GetUpdates", "result":"DeleteReceived", "context":{"id":"82507714-09eb-4b31-98e8-86e31fe92a6f", "isDeleted:":"true", "version":"1703329908869"}}
{"logTime": "1223/115425", "correlationVector":"c0MMbbiGh+iXnMS71WqOrg.75","action":"GetUpdates", "result":"DeleteReceived", "context":{"id":"a0255f31-6825-4cab-8cd8-9b4dca58c4ba", "isDeleted:":"true", "version":"1703329953913"}}
{"logTime": "1223/115425", "correlationVector":"c0MMbbiGh+iXnMS71WqOrg.76","action":"GetUpdates", "result":"DeleteReceived", "context":{"id":"de6ea843-d5b2-4566-8dc2-0786665d14ff", "isDeleted:":"true", "version":"1703329953915"}}
{"logTime": "1223/115425", "correlationVector":"c0MMbbiGh+iXnMS71WqOrg.77","action":"GetUpdates", "result":"DeleteReceived", "context":{"id":"a13979b2-666b-45fc-938d-77e3ee7a58b9", "isDeleted:":"true", "version":"1703330220291"}}
{"logTime": "1223/115425", "correlationVector":"c0MMbbiGh+iXnMS71WqOrg.78","action":"GetUpdates", "result":"DeleteReceived", "context":{"id":"31c02242-2d61-4258-b362-26cf20f205d6", "isDeleted:":"true", "version":"1703330484945"}}
{"logTime": "1223/115425", "correlationVector":"c0MMbbiGh+iXnMS71WqOrg.79","action":"GetUpdates Response", "result":"SERVER_MORE_TO_DOWNLOAD", "context":Received 250 update(s).  Some updates remain.}
{"logTime": "1223/115425", "correlationVector":"AeVzW5iB9r/+6/iQWZoREA","action":"Initial GetUpdates", "result":"", "context":Reason: NEWLY_SUPPORTED_DATATYPE. cV=AeVzW5iB9r/+6/iQWZoREA}
{"logTime": "1223/115425", "correlationVector":"AeVzW5iB9r/+6/iQWZoREA.1","action":"SyncServerConnectionManagerRequest", "result":"SYNC_SERVER_OK", "context":{"environment":"Prod_WestEurope_000l", "migrationStage":"NotStarted", "server":"GENERAL0100001Y"}}
{"logTime": "1223/115425", "correlationVector":"AeVzW5iB9r/+6/iQWZoREA.2","action":"GetUpdates Response", "result":"SYNCER_OK", "context":Received 6 update(s). cV=AeVzW5iB9r/+6/iQWZoREA.0;server=GENERAL0100001Y;cloudType=Consumer;environment=Prod_WestEurope_000l;migrationStage=NotStarted}
{"logTime": "1223/115425", "correlationVector":"9nNql8UC//1WFpPC3f1o6y","action":"Normal GetUpdate request", "result":"", "context":cV=9nNql8UC//1WFpPC3f1o6y
Nudged types: Bookmarks, Typed URLs, Sessions, Device Info
Refresh requested types: Bookmarks, Preferences, Passwords, Autofill Profiles, Autofill, Autofill Custom Data, Typed URLs, Extensions, Sessions, Extension settings, History Delete Directives, Device Info, User Consents, Send Tab To Self, Web Apps, Collection, Edge E Drop, Edge Hub App Usage, Edge Wallet, Encryption Keys}
{"logTime": "1223/115426", "correlationVector":"9nNql8UC//1WFpPC3f1o6y.1","action":"SyncServerConnectionManagerRequest", "result":"SYNC_SERVER_OK", "context":{"environment":"Prod_WestEurope_000l", "migrationStage":"NotStarted", "server":"GENERAL0100000L"}}
{"logTime": "1223/115427", "correlationVector":"9nNql8UC//1WFpPC3f1o6y.2","action":"GetUpdates Response", "result":"SYNCER_OK", "context":Received 0 update(s). cV=9nNql8UC//1WFpPC3f1o6y.0;server=GENERAL0100000L;cloudType=Consumer;environment=Prod_WestEurope_000l;migrationStage=NotStarted}
{"logTime": "1223/115428", "correlationVector":"xov3Kgd5tYC32TUL5iGBUP","action":"Commit Request", "result":"", "context":Item count: 1
Contributing types: Device Info}
{"logTime": "1223/115428", "correlationVector":"xov3Kgd5tYC32TUL5iGBUP.1","action":"SyncServerConnectionManagerRequest", "result":"SYNC_SERVER_OK", "context":{"environment":"Prod_WestEurope_000l", "migrationStage":"NotStarted", "server":"GENERAL01000027"}}
{"logTime": "1223/115428", "correlationVector":"xov3Kgd5tYC32TUL5iGBUP.2","action":"Commit Response", "result":"SYNCER_OK", "context":Result: SYNCER_OK. cV=xov3Kgd5tYC32TUL5iGBUP.0;server=GENERAL01000027;cloudType=Consumer;environment=Prod_WestEurope_000l;migrationStage=NotStarted}
{"logTime": "1223/115428", "correlationVector":"gC8bdRezaD07tezsgdNLdA","action":"Commit Request", "result":"", "context":Item count: 14
Contributing types: Bookmarks, Typed URLs, Sessions}
{"logTime": "1223/115429", "correlationVector":"gC8bdRezaD07tezsgdNLdA.1","action":"SyncServerConnectionManagerRequest", "result":"SYNC_SERVER_OK", "context":{"environment":"Prod_WestEurope_000l", "migrationStage":"NotStarted", "server":"GENERAL0100000K"}}
{"logTime": "1223/115429", "correlationVector":"gC8bdRezaD07tezsgdNLdA.2","action":"Commit Response", "result":"SYNCER_OK", "context":Result: SYNCER_OK. cV=gC8bdRezaD07tezsgdNLdA.0;server=GENERAL0100000K;cloudType=Consumer;environment=Prod_WestEurope_000l;migrationStage=NotStarted}
{"logTime": "1223/115916", "correlationVector":"MmgT0W+OW0JSWlxb/CRvzN","action":"Normal GetUpdate request", "result":"", "context":cV=MmgT0W+OW0JSWlxb/CRvzN
Refresh requested types: Bookmarks, Preferences, Passwords, Autofill Profiles, Autofill, Autofill Custom Data, Typed URLs, Extensions, Sessions, Extension settings, History Delete Directives, Device Info, User Consents, Send Tab To Self, Web Apps, Collection, Edge E Drop, Edge Hub App Usage, Edge Wallet, Encryption Keys}
{"logTime": "1223/115916", "correlationVector":"MmgT0W+OW0JSWlxb/CRvzN.1","action":"SyncServerConnectionManagerRequest", "result":"SYNC_SERVER_OK", "context":{"environment":"Prod_WestEurope_000l", "migrationStage":"NotStarted", "server":"GENERAL0100000Y"}}
{"logTime": "1223/115916", "correlationVector":"MmgT0W+OW0JSWlxb/CRvzN.2","action":"GetUpdates Response", "result":"SYNCER_OK", "context":Received 15 update(s). cV=MmgT0W+OW0JSWlxb/CRvzN.0;server=GENERAL0100000Y;cloudType=Consumer;environment=Prod_WestEurope_000l;migrationStage=NotStarted}
{"logTime": "1223/120729", "correlationVector":"QZRareKRQyG2wcA4JibMdo","action":"Normal GetUpdate request", "result":"", "context":cV=QZRareKRQyG2wcA4JibMdo
Notified types: Preferences}
{"logTime": "1223/120731", "correlationVector":"QZRareKRQyG2wcA4JibMdo.1","action":"SyncServerConnectionManagerRequest", "result":"SYNC_SERVER_OK", "context":{"environment":"Prod_WestEurope_000l", "migrationStage":"NotStarted", "server":"GENERAL01000012"}}
{"logTime": "1223/120732", "correlationVector":"QZRareKRQyG2wcA4JibMdo.2","action":"GetUpdates Response", "result":"SYNCER_OK", "context":Received 3 update(s). cV=QZRareKRQyG2wcA4JibMdo.0;server=GENERAL01000012;cloudType=Consumer;environment=Prod_WestEurope_000l;migrationStage=NotStarted}
{"logTime": "1223/121248", "correlationVector":"6gsPzXXo+9O0P+VPh0koZp","action":"Normal GetUpdate request", "result":"", "context":cV=6gsPzXXo+9O0P+VPh0koZp
Notified types: Bookmarks}
{"logTime": "1223/121249", "correlationVector":"6gsPzXXo+9O0P+VPh0koZp.1","action":"SyncServerConnectionManagerRequest", "result":"SYNC_SERVER_OK", "context":{"environment":"Prod_WestEurope_000l", "migrationStage":"NotStarted", "server":"GENERAL0100000M"}}
{"logTime": "1223/121249", "correlationVector":"6gsPzXXo+9O0P+VPh0koZp.2","action":"GetUpdates Response", "result":"SYNCER_OK", "context":Received 4 update(s). cV=6gsPzXXo+9O0P+VPh0koZp.0;server=GENERAL0100000M;cloudType=Consumer;environment=Prod_WestEurope_000l;migrationStage=NotStarted}
{"logTime": "1223/121258", "correlationVector":"Y6LbngArZ7/TaAw3IewM33","action":"Normal GetUpdate request", "result":"", "context":cV=Y6LbngArZ7/TaAw3IewM33
Notified types: Bookmarks}
{"logTime": "1223/121258", "correlationVector":"Y6LbngArZ7/TaAw3IewM33.1","action":"SyncServerConnectionManagerRequest", "result":"SYNC_SERVER_OK", "context":{"environment":"Prod_WestEurope_000l", "migrationStage":"NotStarted", "server":"GENERAL01000022"}}
{"logTime": "1223/121258", "correlationVector":"Y6LbngArZ7/TaAw3IewM33.2","action":"GetUpdates Response", "result":"SYNCER_OK", "context":Received 2 update(s). cV=Y6LbngArZ7/TaAw3IewM33.0;server=GENERAL01000022;cloudType=Consumer;environment=Prod_WestEurope_000l;migrationStage=NotStarted}
{"logTime": "1223/121303", "correlationVector":"DuS0FYBZUQP5HbOaCLc8Xv","action":"Normal GetUpdate request", "result":"", "context":cV=DuS0FYBZUQP5HbOaCLc8Xv
Notified types: Bookmarks}
{"logTime": "1223/121303", "correlationVector":"DuS0FYBZUQP5HbOaCLc8Xv.1","action":"SyncServerConnectionManagerRequest", "result":"SYNC_SERVER_OK", "context":{"environment":"Prod_WestEurope_000l", "migrationStage":"NotStarted", "server":"GENERAL01000017"}}
{"logTime": "1223/121303", "correlationVector":"DuS0FYBZUQP5HbOaCLc8Xv.2","action":"GetUpdates Response", "result":"SYNCER_OK", "context":Received 1 update(s). cV=DuS0FYBZUQP5HbOaCLc8Xv.0;server=GENERAL01000017;cloudType=Consumer;environment=Prod_WestEurope_000l;migrationStage=NotStarted}
{"logTime": "1223/121310", "correlationVector":"ikBPfCrjJqF92Qc5sSTdG6","action":"Normal GetUpdate request", "result":"", "context":cV=ikBPfCrjJqF92Qc5sSTdG6
Notified types: Preferences}
{"logTime": "1223/121311", "correlationVector":"ikBPfCrjJqF92Qc5sSTdG6.1","action":"SyncServerConnectionManagerRequest", "result":"SYNC_SERVER_OK", "context":{"environment":"Prod_WestEurope_000l", "migrationStage":"NotStarted", "server":"GENERAL01000017"}}
{"logTime": "1223/121311", "correlationVector":"ikBPfCrjJqF92Qc5sSTdG6.2","action":"GetUpdates Response", "result":"SYNCER_OK", "context":Received 1 update(s). cV=ikBPfCrjJqF92Qc5sSTdG6.0;server=GENERAL01000017;cloudType=Consumer;environment=Prod_WestEurope_000l;migrationStage=NotStarted}
{"logTime": "1223/121438", "correlationVector":"6H3i6fRVxab4XucnW+vB5I","action":"Normal GetUpdate request", "result":"", "context":cV=6H3i6fRVxab4XucnW+vB5I
Notified types: Preferences}
{"logTime": "1223/121438", "correlationVector":"6H3i6fRVxab4XucnW+vB5I.1","action":"SyncServerConnectionManagerRequest", "result":"SYNC_SERVER_OK", "context":{"environment":"Prod_WestEurope_000l", "migrationStage":"NotStarted", "server":"GENERAL0100000L"}}
{"logTime": "1223/121438", "correlationVector":"6H3i6fRVxab4XucnW+vB5I.2","action":"GetUpdates Response", "result":"SYNCER_OK", "context":Received 4 update(s). cV=6H3i6fRVxab4XucnW+vB5I.0;server=GENERAL0100000L;cloudType=Consumer;environment=Prod_WestEurope_000l;migrationStage=NotStarted}
{"logTime": "1223/122943", "correlationVector":"gawN45C7WtUse3z1HXs1Eh","action":"Normal GetUpdate request", "result":"", "context":cV=gawN45C7WtUse3z1HXs1Eh
Notified types: Preferences}
{"logTime": "1223/122944", "correlationVector":"gawN45C7WtUse3z1HXs1Eh.1","action":"SyncServerConnectionManagerRequest", "result":"SYNC_SERVER_OK", "context":{"environment":"Prod_WestEurope_000l", "migrationStage":"NotStarted", "server":"GENERAL0100001Z"}}
{"logTime": "1223/122944", "correlationVector":"gawN45C7WtUse3z1HXs1Eh.2","action":"GetUpdates", "result":"DeleteReceived", "context":{"id":"858cf40b-1ef6-4461-a436-bf843941476f", "isDeleted:":"true", "version":"1703333765760"}}
{"logTime": "1223/122944", "correlationVector":"gawN45C7WtUse3z1HXs1Eh.3","action":"GetUpdates", "result":"DeleteReceived", "context":{"id":"f52a4b28-cbdc-413c-818e-a8de8fb18d32", "isDeleted:":"true", "version":"1703333765761"}}
{"logTime": "1223/122944", "correlationVector":"gawN45C7WtUse3z1HXs1Eh.4","action":"GetUpdates Response", "result":"SYNCER_OK", "context":Received 5 update(s). cV=gawN45C7WtUse3z1HXs1Eh.0;server=GENERAL0100001Z;cloudType=Consumer;environment=Prod_WestEurope_000l;migrationStage=NotStarted}
{"logTime": "1223/160448", "correlationVector":"teMYiMfd23VwY5YfN5/MVQ.0","action":"FeedSettingFetch_homeCloud", "result":"0", "context":{}}
{"logTime": "1223/160448", "correlationVector":"lXgDHvefyNwGkRnjCvW+iM.1","action":"SyncServerConnectionManagerRequest", "result":"SYNC_SERVER_OK", "context":{"environment":"Prod_WestEurope_000l", "migrationStage":"NotStarted", "server":"GENERAL0100000P"}}
{"logTime": "1223/160448", "correlationVector":"lXgDHvefyNwGkRnjCvW+iM","action":"Initial GetUpdates", "result":"", "context":Reason: NEW_CLIENT. cV=lXgDHvefyNwGkRnjCvW+iM}
{"logTime": "1223/160448", "correlationVector":"lXgDHvefyNwGkRnjCvW+iM.2","action":"GetUpdates Response", "result":"SYNCER_OK", "context":Received 1 update(s). cV=lXgDHvefyNwGkRnjCvW+iM.0;server=GENERAL0100000P;cloudType=Consumer;environment=Prod_WestEurope_000l;migrationStage=NotStarted}
{"logTime": "1223/160448", "correlationVector":"li5AkqSVBLMis6po8figyR","action":"Initial GetUpdates", "result":"", "context":Reason: NEWLY_SUPPORTED_DATATYPE. cV=li5AkqSVBLMis6po8figyR}
{"logTime": "1223/160449", "correlationVector":"li5AkqSVBLMis6po8figyR.1","action":"SyncServerConnectionManagerRequest", "result":"SYNC_SERVER_OK", "context":{"environment":"Prod_WestEurope_000l", "migrationStage":"NotStarted", "server":"GENERAL01000002"}}
{"logTime": "1223/160449", "correlationVector":"li5AkqSVBLMis6po8figyR.2","action":"GetUpdates", "result":"DeleteReceived", "context":{"id":"24d53773-d244-4319-8580-c6862efcf8a2", "isDeleted:":"true", "version":"1699645341183"}}
{"logTime": "1223/160449", "correlationVector":"li5AkqSVBLMis6po8figyR.3","action":"GetUpdates", "result":"DeleteReceived", "context":{"id":"4526caed-e1f1-419d-a10c-9f8541f3bf1d", "isDeleted:":"true", "version":"1700423188889"}}
{"logTime": "1223/160449", "correlationVector":"li5AkqSVBLMis6po8figyR.4","action":"GetUpdates Response", "result":"SYNCER_OK", "context":Received 28 update(s). cV=li5AkqSVBLMis6po8figyR.0;server=GENERAL01000002;cloudType=Consumer;environment=Prod_WestEurope_000l;migrationStage=NotStarted}
{"logTime": "1223/160453", "correlationVector":"uwVlKqbolvOSDk+mxoPpfn","action":"SyncServerConnectionManagerRequest", "result":"SYNC_SERVER_OK", "context":{"environment":"", "migrationStage":"", "server":""}}
{"logTime": "1223/160453", "correlationVector":"zKZnmd6lvbjpnWpwgtrNJC","action":"Normal GetUpdate request", "result":"", "context":cV=zKZnmd6lvbjpnWpwgtrNJC
Nudged types: Sessions
Refresh requested types: Bookmarks, Preferences, Passwords, Autofill Profiles, Autofill, Autofill Custom Data, Typed URLs, Extensions, Sessions, Extension settings, History Delete Directives, Device Info, User Consents, Send Tab To Self, Web Apps, Collection, Edge E Drop, Edge Hub App Usage, Edge Wallet, Encryption Keys}
{"logTime": "1223/160503", "correlationVector":"zKZnmd6lvbjpnWpwgtrNJC.1","action":"SyncServerConnectionManagerRequest", "result":"SYNC_SERVER_OK", "context":{"environment":"Prod_WestEurope_000l", "migrationStage":"NotStarted", "server":"GENERAL0100000D"}}
{"logTime": "1223/160503", "correlationVector":"zKZnmd6lvbjpnWpwgtrNJC.2","action":"GetUpdates", "result":"DeleteReceived", "context":{"id":"72c5522d-39ed-42a6-91aa-6447efb0f305", "isDeleted:":"true", "version":"1703347277474"}}
{"logTime": "1223/160503", "correlationVector":"zKZnmd6lvbjpnWpwgtrNJC.3","action":"GetUpdates Response", "result":"SYNCER_OK", "context":Received 5 update(s). cV=zKZnmd6lvbjpnWpwgtrNJC.0;server=GENERAL0100000D;cloudType=Consumer;environment=Prod_WestEurope_000l;migrationStage=NotStarted}
{"logTime": "1223/160504", "correlationVector":"iUntIUtcM12kMvK2aY+vdJ","action":"Commit Request", "result":"", "context":Item count: 3
Contributing types: Sessions}
{"logTime": "1223/160504", "correlationVector":"iUntIUtcM12kMvK2aY+vdJ.1","action":"SyncServerConnectionManagerRequest", "result":"SYNC_SERVER_OK", "context":{"environment":"Prod_WestEurope_000l", "migrationStage":"NotStarted", "server":"GENERAL0100000F"}}
{"logTime": "1223/160505", "correlationVector":"iUntIUtcM12kMvK2aY+vdJ.3","action":"Commit.Sessions", "result":"Success", "context":{"id":"f100e4ee-9e44-4995-9007-d375275e1604", "isDeleted":"true", "size":"0", "version":"1703332468882"}}
{"logTime": "1223/160505", "correlationVector":"iUntIUtcM12kMvK2aY+vdJ.2","action":"Commit Response", "result":"SYNCER_OK", "context":Result: SYNCER_OK. cV=iUntIUtcM12kMvK2aY+vdJ.0;server=GENERAL0100000F;cloudType=Consumer;environment=Prod_WestEurope_000l;migrationStage=NotStarted}
{"logTime": "1223/160505", "correlationVector":"95co0pSmNqwSoJg7BcdVir","action":"Normal GetUpdate request", "result":"", "context":cV=95co0pSmNqwSoJg7BcdVir
Nudged types: Sessions
Refresh requested types: Bookmarks, Preferences, Passwords, Autofill Profiles, Autofill, Autofill Custom Data, Typed URLs, Extensions, Sessions, Extension settings, History Delete Directives, Device Info, User Consents, Send Tab To Self, Web Apps, Collection, Edge E Drop, Edge Hub App Usage, Edge Wallet, Encryption Keys}
{"logTime": "1223/160505", "correlationVector":"95co0pSmNqwSoJg7BcdVir.1","action":"SyncServerConnectionManagerRequest", "result":"SYNC_SERVER_OK", "context":{"environment":"Prod_WestEurope_000l", "migrationStage":"NotStarted", "server":"GENERAL0100000Q"}}
{"logTime": "1223/160505", "correlationVector":"95co0pSmNqwSoJg7BcdVir.2","action":"GetUpdates", "result":"DeleteReceived", "context":{"id":"f100e4ee-9e44-4995-9007-d375275e1604", "isDeleted:":"true", "version":"1703347504290"}}
{"logTime": "1223/160506", "correlationVector":"95co0pSmNqwSoJg7BcdVir.3","action":"GetUpdates Response", "result":"SYNCER_OK", "context":Received 3 update(s). cV=95co0pSmNqwSoJg7BcdVir.0;server=GENERAL0100000Q;cloudType=Consumer;environment=Prod_WestEurope_000l;migrationStage=NotStarted}
{"logTime": "1223/160938", "correlationVector":"eZWFUn7hetrWpVenQheHeO","action":"Normal GetUpdate request", "result":"", "context":cV=eZWFUn7hetrWpVenQheHeO
Refresh requested types: Bookmarks, Preferences, Passwords, Autofill Profiles, Autofill, Autofill Custom Data, Typed URLs, Extensions, Sessions, Extension settings, History Delete Directives, Device Info, User Consents, Send Tab To Self, Web Apps, Collection, Edge E Drop, Edge Hub App Usage, Edge Wallet, Encryption Keys}
{"logTime": "1223/160939", "correlationVector":"eZWFUn7hetrWpVenQheHeO.1","action":"SyncServerConnectionManagerRequest", "result":"SYNC_SERVER_OK", "context":{"environment":"Prod_WestEurope_000l", "migrationStage":"NotStarted", "server":"GENERAL0100000F"}}
{"logTime": "1223/160939", "correlationVector":"eZWFUn7hetrWpVenQheHeO.2","action":"GetUpdates Response", "result":"SYNCER_OK", "context":Received 0 update(s). cV=eZWFUn7hetrWpVenQheHeO.0;server=GENERAL0100000F;cloudType=Consumer;environment=Prod_WestEurope_000l;migrationStage=NotStarted}
{"logTime": "1223/161120", "correlationVector":"sHguXvGbJnoJKF054nwPGh","action":"Commit Request", "result":"", "context":Item count: 1
Contributing types: Sessions}
{"logTime": "1223/161121", "correlationVector":"sHguXvGbJnoJKF054nwPGh.1","action":"SyncServerConnectionManagerRequest", "result":"SYNC_SERVER_OK", "context":{"environment":"Prod_WestEurope_000l", "migrationStage":"NotStarted", "server":"GENERAL01000014"}}
{"logTime": "1223/161121", "correlationVector":"sHguXvGbJnoJKF054nwPGh.2","action":"Commit Response", "result":"SYNCER_OK", "context":Result: SYNCER_OK. cV=sHguXvGbJnoJKF054nwPGh.0;server=GENERAL01000014;cloudType=Consumer;environment=Prod_WestEurope_000l;migrationStage=NotStarted}
{"logTime": "1223/161221", "correlationVector":"wEEdP6k1i6klJCLTaubJ16","action":"Normal GetUpdate request", "result":"", "context":cV=wEEdP6k1i6klJCLTaubJ16
Notified types: Preferences}
{"logTime": "1223/161222", "correlationVector":"wEEdP6k1i6klJCLTaubJ16.1","action":"SyncServerConnectionManagerRequest", "result":"SYNC_SERVER_OK", "context":{"environment":"Prod_WestEurope_000l", "migrationStage":"NotStarted", "server":"GENERAL01000004"}}
{"logTime": "1223/161222", "correlationVector":"wEEdP6k1i6klJCLTaubJ16.2","action":"GetUpdates Response", "result":"SYNCER_OK", "context":Received 2 update(s). cV=wEEdP6k1i6klJCLTaubJ16.0;server=GENERAL01000004;cloudType=Consumer;environment=Prod_WestEurope_000l;migrationStage=NotStarted}
